-------------------------------------------------------------------------------
Test set: project.projecte.Model.InventoryTest
-------------------------------------------------------------------------------
Tests run: 29, Failures: 6, Errors: 0, Skipped: 0, Time elapsed: 0.082 s <<< FAILURE! -- in project.projecte.Model.InventoryTest
project.projecte.Model.InventoryTest.testFindItemByName_ECT_EmptyInventory -- Time elapsed: 0.017 s <<< FAILURE!
org.opentest4j.AssertionFailedError: Should return null when inventory is empty ==> expected: <null> but was: <Apple (Groceries) - Purchase Price: $0.3, Selling Price: $0.6, Stock: 150>
	at org.junit.jupiter.api.AssertionFailureBuilder.build(AssertionFailureBuilder.java:151)
	at org.junit.jupiter.api.AssertionFailureBuilder.buildAndThrow(AssertionFailureBuilder.java:132)
	at org.junit.jupiter.api.AssertNull.failNotNull(AssertNull.java:50)
	at org.junit.jupiter.api.AssertNull.assertNull(AssertNull.java:35)
	at org.junit.jupiter.api.Assertions.assertNull(Assertions.java:287)
	at project.projecte.Model.InventoryTest.testFindItemByName_ECT_EmptyInventory(InventoryTest.java:193)
	at java.base/java.lang.reflect.Method.invoke(Method.java:565)
	at java.base/java.util.ArrayList.forEach(ArrayList.java:1604)
	at java.base/java.util.ArrayList.forEach(ArrayList.java:1604)

project.projecte.Model.InventoryTest.testUpdateStockLevel_DT_T1_ExistsValidStock -- Time elapsed: 0.001 s <<< FAILURE!
org.opentest4j.AssertionFailedError: Stock level should be updated ==> expected: <50> but was: <100>
	at org.junit.jupiter.api.AssertionFailureBuilder.build(AssertionFailureBuilder.java:151)
	at org.junit.jupiter.api.AssertionFailureBuilder.buildAndThrow(AssertionFailureBuilder.java:132)
	at org.junit.jupiter.api.AssertEquals.failNotEqual(AssertEquals.java:197)
	at org.junit.jupiter.api.AssertEquals.assertEquals(AssertEquals.java:150)
	at org.junit.jupiter.api.Assertions.assertEquals(Assertions.java:563)
	at project.projecte.Model.InventoryTest.testUpdateStockLevel_DT_T1_ExistsValidStock(InventoryTest.java:216)
	at java.base/java.lang.reflect.Method.invoke(Method.java:565)
	at java.base/java.util.ArrayList.forEach(ArrayList.java:1604)
	at java.base/java.util.ArrayList.forEach(ArrayList.java:1604)

project.projecte.Model.InventoryTest.testRemoveItem_ExistingItem_ShouldRemove -- Time elapsed: 0.002 s <<< FAILURE!
org.opentest4j.AssertionFailedError: Size should decrease by 1 ==> expected: <6> but was: <5>
	at org.junit.jupiter.api.AssertionFailureBuilder.build(AssertionFailureBuilder.java:151)
	at org.junit.jupiter.api.AssertionFailureBuilder.buildAndThrow(AssertionFailureBuilder.java:132)
	at org.junit.jupiter.api.AssertEquals.failNotEqual(AssertEquals.java:197)
	at org.junit.jupiter.api.AssertEquals.assertEquals(AssertEquals.java:150)
	at org.junit.jupiter.api.Assertions.assertEquals(Assertions.java:563)
	at project.projecte.Model.InventoryTest.testRemoveItem_ExistingItem_ShouldRemove(InventoryTest.java:298)
	at java.base/java.lang.reflect.Method.invoke(Method.java:565)
	at java.base/java.util.ArrayList.forEach(ArrayList.java:1604)
	at java.base/java.util.ArrayList.forEach(ArrayList.java:1604)

project.projecte.Model.InventoryTest.testRemoveItem_EmptyInventory_ShouldReturnFalse -- Time elapsed: 0.002 s <<< FAILURE!
org.opentest4j.AssertionFailedError: Should return false for empty inventory ==> expected: <false> but was: <true>
	at org.junit.jupiter.api.AssertionFailureBuilder.build(AssertionFailureBuilder.java:151)
	at org.junit.jupiter.api.AssertionFailureBuilder.buildAndThrow(AssertionFailureBuilder.java:132)
	at org.junit.jupiter.api.AssertFalse.failNotFalse(AssertFalse.java:63)
	at org.junit.jupiter.api.AssertFalse.assertFalse(AssertFalse.java:36)
	at org.junit.jupiter.api.Assertions.assertFalse(Assertions.java:239)
	at project.projecte.Model.InventoryTest.testRemoveItem_EmptyInventory_ShouldReturnFalse(InventoryTest.java:351)
	at java.base/java.lang.reflect.Method.invoke(Method.java:565)
	at java.base/java.util.ArrayList.forEach(ArrayList.java:1604)
	at java.base/java.util.ArrayList.forEach(ArrayList.java:1604)

project.projecte.Model.InventoryTest.testUpdateStockLevel_ZeroStock -- Time elapsed: 0.003 s <<< FAILURE!
org.opentest4j.AssertionFailedError: Stock should be 0 ==> expected: <0> but was: <100>
	at org.junit.jupiter.api.AssertionFailureBuilder.build(AssertionFailureBuilder.java:151)
	at org.junit.jupiter.api.AssertionFailureBuilder.buildAndThrow(AssertionFailureBuilder.java:132)
	at org.junit.jupiter.api.AssertEquals.failNotEqual(AssertEquals.java:197)
	at org.junit.jupiter.api.AssertEquals.assertEquals(AssertEquals.java:150)
	at org.junit.jupiter.api.Assertions.assertEquals(Assertions.java:563)
	at project.projecte.Model.InventoryTest.testUpdateStockLevel_ZeroStock(InventoryTest.java:280)
	at java.base/java.lang.reflect.Method.invoke(Method.java:565)
	at java.base/java.util.ArrayList.forEach(ArrayList.java:1604)
	at java.base/java.util.ArrayList.forEach(ArrayList.java:1604)

project.projecte.Model.InventoryTest.testUpdateStockLevel_DT_T2_ExistsInvalidStock -- Time elapsed: 0.002 s <<< FAILURE!
org.opentest4j.AssertionFailedError: Negative stock is currently allowed ==> expected: <-10> but was: <100>
	at org.junit.jupiter.api.AssertionFailureBuilder.build(AssertionFailureBuilder.java:151)
	at org.junit.jupiter.api.AssertionFailureBuilder.buildAndThrow(AssertionFailureBuilder.java:132)
	at org.junit.jupiter.api.AssertEquals.failNotEqual(AssertEquals.java:197)
	at org.junit.jupiter.api.AssertEquals.assertEquals(AssertEquals.java:150)
	at org.junit.jupiter.api.Assertions.assertEquals(Assertions.java:563)
	at project.projecte.Model.InventoryTest.testUpdateStockLevel_DT_T2_ExistsInvalidStock(InventoryTest.java:230)
	at java.base/java.lang.reflect.Method.invoke(Method.java:565)
	at java.base/java.util.ArrayList.forEach(ArrayList.java:1604)
	at java.base/java.util.ArrayList.forEach(ArrayList.java:1604)

