<?xml version="1.0" encoding="UTF-8"?>
<testsuite xmlns:xsi="http://www.w3.org/2001/XMLSchema-instance" xsi:noNamespaceSchemaLocation="https://maven.apache.org/surefire/maven-surefire-plugin/xsd/surefire-test-report-3.0.xsd" version="3.0" name="project.projecte.Integration.BillCreationIntegrationTest" time="0.195" tests="8" errors="0" skipped="0" failures="2">
  <properties>
[...]
</properties>
  <testcase name="testIntegration_CreateBillWithSingleItem" classname="project.projecte.Integration.BillCreationIntegrationTest" time="0.03">
    <failure message="Initial stock should be 100 ==&gt; expected: &lt;100&gt; but was: &lt;150&gt;" type="org.opentest4j.AssertionFailedError"><![CDATA[org.opentest4j.AssertionFailedError: Initial stock should be 100 ==> expected: <100> but was: <150>
	at org.junit.jupiter.api.AssertionFailureBuilder.build(AssertionFailureBuilder.java:151)
	at org.junit.jupiter.api.AssertionFailureBuilder.buildAndThrow(AssertionFailureBuilder.java:132)
	at org.junit.jupiter.api.AssertEquals.failNotEqual(AssertEquals.java:197)
	at org.junit.jupiter.api.AssertEquals.assertEquals(AssertEquals.java:150)
	at org.junit.jupiter.api.Assertions.assertEquals(Assertions.java:563)
	at project.projecte.Integration.BillCreationIntegrationTest.testIntegration_CreateBillWithSingleItem(BillCreationIntegrationTest.java:91)
	at java.base/java.lang.reflect.Method.invoke(Method.java:565)
	at java.base/java.util.ArrayList.forEach(ArrayList.java:1604)
	at java.base/java.util.ArrayList.forEach(ArrayList.java:1604)
]]></failure>
    <system-out><![CDATA[=== Starting Bill Creation Integration Test ===
DEBUG BillManager.loadBillsFromFile: Looking for /Users/halilbagosi/Documents/GitHub/software-testing-project/data/bills_data.ser
DEBUG BillManager.loadBillsFromFile: File exists, loading...
DEBUG BillManager.loadBillsFromFile: Successfully loaded 206 bills
DEBUG BillManager.loadBillsFromFile: After filtering nulls: 206 valid bills
DEBUG BillManager.loadBillsFromFile: Bill #1 - Cashier: test1 - Date: 2026-01-22T17:51:53.411851 - Amount: $54.0
DEBUG BillManager.loadBillsFromFile: Bill #2 - Cashier: testCashier - Date: 2026-01-22T20:49:13.432652 - Amount: $26.0
DEBUG BillManager.loadBillsFromFile: Bill #3 - Cashier: testCashier - Date: 2026-01-22T20:49:13.438675 - Amount: $15.0
DEBUG BillManager.loadBillsFromFile: Bill #101 - Cashier: cashier1 - Date: 2026-01-22T20:49:13.440945 - Amount: $5.0
DEBUG BillManager.loadBillsFromFile: Bill #102 - Cashier: cashier2 - Date: 2026-01-22T20:49:13.441467 - Amount: $2.4000000000000004
DEBUG BillManager.loadBillsFromFile: Bill #103 - Cashier: cashier1 - Date: 2026-01-22T20:49:13.441931 - Amount: $6.0
DEBUG BillManager.loadBillsFromFile: Bill #201 - Cashier: cashier1 - Date: 2026-01-22T20:49:13.443814 - Amount: $10.0
DEBUG BillManager.loadBillsFromFile: Bill #202 - Cashier: cashier1 - Date: 2026-01-22T20:49:13.444421 - Amount: $8.0
DEBUG BillManager.loadBillsFromFile: Bill #203 - Cashier: cashier2 - Date: 2026-01-22T20:49:13.445057 - Amount: $6.0
DEBUG BillManager.loadBillsFromFile: Bill #10 - Cashier: testCashier - Date: 2026-01-22T20:49:13.453698 - Amount: $5.0
DEBUG BillManager.loadBillsFromFile: Bill #301 - Cashier: cashier1 - Date: 2026-01-22T20:49:13.455421 - Amount: $10.0
DEBUG BillManager.loadBillsFromFile: Bill #302 - Cashier: cashier2 - Date: 2026-01-22T20:49:13.456084 - Amount: $8.0
DEBUG BillManager.loadBillsFromFile: Bill #303 - Cashier: cashier1 - Date: 2026-01-22T20:49:13.456860 - Amount: $6.0
DEBUG BillManager.loadBillsFromFile: Bill #1 - Cashier: cashier1 - Date: 2026-01-22T20:49:13.623062 - Amount: $0.0
DEBUG BillManager.loadBillsFromFile: Bill #1 - Cashier: cashier1 - Date: 2026-01-22T20:49:13.626762 - Amount: $0.0
DEBUG BillManager.loadBillsFromFile: Bill #1 - Cashier: cashier1 - Date: 2026-01-22T20:49:13.629792 - Amount: $0.0
DEBUG BillManager.loadBillsFromFile: Bill #1 - Cashier: cashier1 - Date: 2026-01-22T20:49:13.632328 - Amount: $0.0
DEBUG BillManager.loadBillsFromFile: Bill #1 - Cashier: cashier1 - Date: 2026-01-22T20:49:13.634907 - Amount: $0.0
DEBUG BillManager.loadBillsFromFile: Bill #1 - Cashier: cashier1 - Date: 2026-01-22T20:49:13.639981 - Amount: $0.0
DEBUG BillManager.loadBillsFromFile: Bill #2 - Cashier: cashier2 - Date: 2026-01-22T20:49:13.639991 - Amount: $0.0
DEBUG BillManager.loadBillsFromFile: Bill #1 - Cashier: cashier1 - Date: 2026-01-22T20:49:13.660503 - Amount: $0.0
DEBUG BillManager.loadBillsFromFile: Bill #1 - Cashier: cashier1 - Date: 2026-01-22T20:49:13.667245 - Amount: $0.0
DEBUG BillManager.loadBillsFromFile: Bill #2 - Cashier: cashier2 - Date: 2026-01-22T20:49:13.667254 - Amount: $0.0
DEBUG BillManager.loadBillsFromFile: Bill #3 - Cashier: cashier1 - Date: 2026-01-22T20:49:13.667257 - Amount: $0.0
DEBUG BillManager.loadBillsFromFile: Bill #1 - Cashier: cashier1 - Date: 2026-01-22T20:49:13.674591 - Amount: $0.0
DEBUG BillManager.loadBillsFromFile: Bill #1 - Cashier: cashier1 - Date: 2026-01-22T20:49:13.685086 - Amount: $0.0
DEBUG BillManager.loadBillsFromFile: Bill #2 - Cashier: cashier2 - Date: 2026-01-22T20:49:13.685096 - Amount: $0.0
DEBUG BillManager.loadBillsFromFile: Bill #1 - Cashier: cashier1 - Date: 2026-01-22T20:49:13.691682 - Amount: $0.0
DEBUG BillManager.loadBillsFromFile: Bill #1 - Cashier: cashier1 - Date: 2026-01-22T20:49:13.695701 - Amount: $0.0
DEBUG BillManager.loadBillsFromFile: Bill #1 - Cashier: cashier1 - Date: 2026-01-22T20:49:13.699011 - Amount: $0.0
DEBUG BillManager.loadBillsFromFile: Bill #1 - Cashier: cashier1 - Date: 2026-01-22T20:49:13.701607 - Amount: $0.0
DEBUG BillManager.loadBillsFromFile: Bill #2 - Cashier: cashier2 - Date: 2026-01-22T20:49:13.701615 - Amount: $0.0
DEBUG BillManager.loadBillsFromFile: Bill #3 - Cashier: cashier1 - Date: 2026-01-22T20:49:13.701617 - Amount: $0.0
DEBUG BillManager.loadBillsFromFile: Bill #1 - Cashier: cashier1 - Date: 2026-01-22T20:49:13.706701 - Amount: $0.0
DEBUG BillManager.loadBillsFromFile: Bill #1 - Cashier: cashier1 - Date: 2026-01-22T21:27:10.388842 - Amount: $0.0
DEBUG BillManager.loadBillsFromFile: Bill #1 - Cashier: cashier1 - Date: 2026-01-22T21:27:10.406214 - Amount: $0.0
DEBUG BillManager.loadBillsFromFile: Bill #1 - Cashier: cashier1 - Date: 2026-01-22T21:27:10.412311 - Amount: $0.0
DEBUG BillManager.loadBillsFromFile: Bill #1 - Cashier: cashier1 - Date: 2026-01-22T21:27:10.418432 - Amount: $0.0
DEBUG BillManager.loadBillsFromFile: Bill #1 - Cashier: cashier1 - Date: 2026-01-22T21:27:10.423511 - Amount: $0.0
DEBUG BillManager.loadBillsFromFile: Bill #1 - Cashier: cashier1 - Date: 2026-01-22T21:27:10.433335 - Amount: $0.0
DEBUG BillManager.loadBillsFromFile: Bill #2 - Cashier: cashier2 - Date: 2026-01-22T21:27:10.433346 - Amount: $0.0
DEBUG BillManager.loadBillsFromFile: Bill #1 - Cashier: cashier1 - Date: 2026-01-22T21:27:10.446917 - Amount: $0.0
DEBUG BillManager.loadBillsFromFile: Bill #1 - Cashier: cashier1 - Date: 2026-01-22T21:27:10.460048 - Amount: $0.0
DEBUG BillManager.loadBillsFromFile: Bill #2 - Cashier: cashier2 - Date: 2026-01-22T21:27:10.460059 - Amount: $0.0
DEBUG BillManager.loadBillsFromFile: Bill #3 - Cashier: cashier1 - Date: 2026-01-22T21:27:10.460062 - Amount: $0.0
DEBUG BillManager.loadBillsFromFile: Bill #1 - Cashier: cashier1 - Date: 2026-01-22T21:27:10.472200 - Amount: $0.0
DEBUG BillManager.loadBillsFromFile: Bill #1 - Cashier: cashier1 - Date: 2026-01-22T21:27:10.481744 - Amount: $0.0
DEBUG BillManager.loadBillsFromFile: Bill #2 - Cashier: cashier2 - Date: 2026-01-22T21:27:10.481759 - Amount: $0.0
DEBUG BillManager.loadBillsFromFile: Bill #1 - Cashier: cashier1 - Date: 2026-01-22T21:27:10.488368 - Amount: $0.0
DEBUG BillManager.loadBillsFromFile: Bill #1 - Cashier: cashier1 - Date: 2026-01-22T21:27:10.493594 - Amount: $0.0
DEBUG BillManager.loadBillsFromFile: Bill #1 - Cashier: cashier1 - Date: 2026-01-22T21:27:10.497292 - Amount: $0.0
DEBUG BillManager.loadBillsFromFile: Bill #1 - Cashier: cashier1 - Date: 2026-01-22T21:27:10.503533 - Amount: $0.0
DEBUG BillManager.loadBillsFromFile: Bill #2 - Cashier: cashier2 - Date: 2026-01-22T21:27:10.503547 - Amount: $0.0
DEBUG BillManager.loadBillsFromFile: Bill #3 - Cashier: cashier1 - Date: 2026-01-22T21:27:10.503549 - Amount: $0.0
DEBUG BillManager.loadBillsFromFile: Bill #1 - Cashier: cashier1 - Date: 2026-01-22T21:27:10.514803 - Amount: $0.0
DEBUG BillManager.loadBillsFromFile: Bill #56 - Cashier: testCashier - Date: 2026-01-22T21:28:06.930938 - Amount: $26.0
DEBUG BillManager.loadBillsFromFile: Bill #57 - Cashier: testCashier - Date: 2026-01-22T21:28:06.946323 - Amount: $15.0
DEBUG BillManager.loadBillsFromFile: Bill #101 - Cashier: cashier1 - Date: 2026-01-22T21:28:06.952404 - Amount: $5.0
DEBUG BillManager.loadBillsFromFile: Bill #102 - Cashier: cashier2 - Date: 2026-01-22T21:28:06.956053 - Amount: $2.4000000000000004
DEBUG BillManager.loadBillsFromFile: Bill #103 - Cashier: cashier1 - Date: 2026-01-22T21:28:06.958489 - Amount: $6.0
DEBUG BillManager.loadBillsFromFile: Bill #201 - Cashier: cashier1 - Date: 2026-01-22T21:28:06.966464 - Amount: $10.0
DEBUG BillManager.loadBillsFromFile: Bill #202 - Cashier: cashier1 - Date: 2026-01-22T21:28:06.971133 - Amount: $8.0
DEBUG BillManager.loadBillsFromFile: Bill #203 - Cashier: cashier2 - Date: 2026-01-22T21:28:06.973775 - Amount: $6.0
DEBUG BillManager.loadBillsFromFile: Bill #64 - Cashier: testCashier - Date: 2026-01-22T21:28:06.981534 - Amount: $5.0
DEBUG BillManager.loadBillsFromFile: Bill #301 - Cashier: cashier1 - Date: 2026-01-22T21:28:06.986438 - Amount: $10.0
DEBUG BillManager.loadBillsFromFile: Bill #302 - Cashier: cashier2 - Date: 2026-01-22T21:28:06.988635 - Amount: $8.0
DEBUG BillManager.loadBillsFromFile: Bill #303 - Cashier: cashier1 - Date: 2026-01-22T21:28:06.990501 - Amount: $6.0
DEBUG BillManager.loadBillsFromFile: Bill #1 - Cashier: cashier1 - Date: 2026-01-23T12:13:14.400909 - Amount: $0.0
DEBUG BillManager.loadBillsFromFile: Bill #1 - Cashier: cashier1 - Date: 2026-01-23T12:13:14.415109 - Amount: $0.0
DEBUG BillManager.loadBillsFromFile: Bill #1 - Cashier: cashier1 - Date: 2026-01-23T12:13:14.424481 - Amount: $0.0
DEBUG BillManager.loadBillsFromFile: Bill #1 - Cashier: cashier1 - Date: 2026-01-23T12:13:14.432853 - Amount: $0.0
DEBUG BillManager.loadBillsFromFile: Bill #1 - Cashier: cashier1 - Date: 2026-01-23T12:13:14.440466 - Amount: $0.0
DEBUG BillManager.loadBillsFromFile: Bill #1 - Cashier: cashier1 - Date: 2026-01-23T12:13:14.452454 - Amount: $0.0
DEBUG BillManager.loadBillsFromFile: Bill #2 - Cashier: cashier2 - Date: 2026-01-23T12:13:14.452467 - Amount: $0.0
DEBUG BillManager.loadBillsFromFile: Bill #1 - Cashier: cashier1 - Date: 2026-01-23T12:13:14.466981 - Amount: $0.0
DEBUG BillManager.loadBillsFromFile: Bill #1 - Cashier: cashier1 - Date: 2026-01-23T12:13:14.480399 - Amount: $0.0
DEBUG BillManager.loadBillsFromFile: Bill #2 - Cashier: cashier2 - Date: 2026-01-23T12:13:14.480411 - Amount: $0.0
DEBUG BillManager.loadBillsFromFile: Bill #3 - Cashier: cashier1 - Date: 2026-01-23T12:13:14.480415 - Amount: $0.0
DEBUG BillManager.loadBillsFromFile: Bill #1 - Cashier: cashier1 - Date: 2026-01-23T12:13:14.499765 - Amount: $0.0
DEBUG BillManager.loadBillsFromFile: Bill #1 - Cashier: cashier1 - Date: 2026-01-23T12:13:14.510065 - Amount: $0.0
DEBUG BillManager.loadBillsFromFile: Bill #2 - Cashier: cashier2 - Date: 2026-01-23T12:13:14.510100 - Amount: $0.0
DEBUG BillManager.loadBillsFromFile: Bill #1 - Cashier: cashier1 - Date: 2026-01-23T12:13:14.518738 - Amount: $0.0
DEBUG BillManager.loadBillsFromFile: Bill #1 - Cashier: cashier1 - Date: 2026-01-23T12:13:14.525122 - Amount: $0.0
DEBUG BillManager.loadBillsFromFile: Bill #1 - Cashier: cashier1 - Date: 2026-01-23T12:13:14.531151 - Amount: $0.0
DEBUG BillManager.loadBillsFromFile: Bill #1 - Cashier: cashier1 - Date: 2026-01-23T12:13:14.542083 - Amount: $0.0
DEBUG BillManager.loadBillsFromFile: Bill #2 - Cashier: cashier2 - Date: 2026-01-23T12:13:14.542091 - Amount: $0.0
DEBUG BillManager.loadBillsFromFile: Bill #1 - Cashier: cashier1 - Date: 2026-01-23T12:13:14.554550 - Amount: $0.0
DEBUG BillManager.loadBillsFromFile: Bill #2 - Cashier: cashier2 - Date: 2026-01-23T12:13:14.554557 - Amount: $0.0
DEBUG BillManager.loadBillsFromFile: Bill #3 - Cashier: cashier1 - Date: 2026-01-23T12:13:14.554558 - Amount: $0.0
DEBUG BillManager.loadBillsFromFile: Bill #1 - Cashier: cashier1 - Date: 2026-01-23T12:13:14.567524 - Amount: $0.0
DEBUG BillManager.loadBillsFromFile: Bill #1 - Cashier: cashier1 - Date: 2026-01-23T12:14:26.264410 - Amount: $0.0
DEBUG BillManager.loadBillsFromFile: Bill #1 - Cashier: cashier1 - Date: 2026-01-23T12:14:26.281420 - Amount: $0.0
DEBUG BillManager.loadBillsFromFile: Bill #1 - Cashier: cashier1 - Date: 2026-01-23T12:14:26.292546 - Amount: $0.0
DEBUG BillManager.loadBillsFromFile: Bill #1 - Cashier: cashier1 - Date: 2026-01-23T12:14:26.301612 - Amount: $0.0
DEBUG BillManager.loadBillsFromFile: Bill #1 - Cashier: cashier1 - Date: 2026-01-23T12:14:26.309863 - Amount: $0.0
DEBUG BillManager.loadBillsFromFile: Bill #1 - Cashier: cashier1 - Date: 2026-01-23T12:14:26.322775 - Amount: $0.0
DEBUG BillManager.loadBillsFromFile: Bill #2 - Cashier: cashier2 - Date: 2026-01-23T12:14:26.322788 - Amount: $0.0
DEBUG BillManager.loadBillsFromFile: Bill #1 - Cashier: cashier1 - Date: 2026-01-23T12:14:26.338303 - Amount: $0.0
DEBUG BillManager.loadBillsFromFile: Bill #1 - Cashier: cashier1 - Date: 2026-01-23T12:14:26.355225 - Amount: $0.0
DEBUG BillManager.loadBillsFromFile: Bill #2 - Cashier: cashier2 - Date: 2026-01-23T12:14:26.355236 - Amount: $0.0
DEBUG BillManager.loadBillsFromFile: Bill #3 - Cashier: cashier1 - Date: 2026-01-23T12:14:26.355238 - Amount: $0.0
DEBUG BillManager.loadBillsFromFile: Bill #1 - Cashier: cashier1 - Date: 2026-01-23T12:14:26.380133 - Amount: $0.0
DEBUG BillManager.loadBillsFromFile: Bill #1 - Cashier: cashier1 - Date: 2026-01-23T12:14:26.393100 - Amount: $0.0
DEBUG BillManager.loadBillsFromFile: Bill #2 - Cashier: cashier2 - Date: 2026-01-23T12:14:26.393108 - Amount: $0.0
DEBUG BillManager.loadBillsFromFile: Bill #1 - Cashier: cashier1 - Date: 2026-01-23T12:14:26.404745 - Amount: $0.0
DEBUG BillManager.loadBillsFromFile: Bill #1 - Cashier: cashier1 - Date: 2026-01-23T12:14:26.413509 - Amount: $0.0
DEBUG BillManager.loadBillsFromFile: Bill #1 - Cashier: cashier1 - Date: 2026-01-23T12:14:26.421937 - Amount: $0.0
DEBUG BillManager.loadBillsFromFile: Bill #1 - Cashier: cashier1 - Date: 2026-01-23T12:14:26.430097 - Amount: $0.0
DEBUG BillManager.loadBillsFromFile: Bill #2 - Cashier: cashier2 - Date: 2026-01-23T12:14:26.430104 - Amount: $0.0
DEBUG BillManager.loadBillsFromFile: Bill #1 - Cashier: cashier1 - Date: 2026-01-23T12:14:26.447680 - Amount: $0.0
DEBUG BillManager.loadBillsFromFile: Bill #2 - Cashier: cashier2 - Date: 2026-01-23T12:14:26.447687 - Amount: $0.0
DEBUG BillManager.loadBillsFromFile: Bill #3 - Cashier: cashier1 - Date: 2026-01-23T12:14:26.447688 - Amount: $0.0
DEBUG BillManager.loadBillsFromFile: Bill #1 - Cashier: cashier1 - Date: 2026-01-23T12:14:26.463021 - Amount: $0.0
DEBUG BillManager.loadBillsFromFile: Bill #114 - Cashier: testCashier - Date: 2026-01-23T12:17:23.362065 - Amount: $26.0
DEBUG BillManager.loadBillsFromFile: Bill #115 - Cashier: testCashier - Date: 2026-01-23T12:17:23.383571 - Amount: $15.0
DEBUG BillManager.loadBillsFromFile: Bill #101 - Cashier: cashier1 - Date: 2026-01-23T12:17:23.398542 - Amount: $5.0
DEBUG BillManager.loadBillsFromFile: Bill #102 - Cashier: cashier2 - Date: 2026-01-23T12:17:23.405297 - Amount: $2.4000000000000004
DEBUG BillManager.loadBillsFromFile: Bill #103 - Cashier: cashier1 - Date: 2026-01-23T12:17:23.411497 - Amount: $6.0
DEBUG BillManager.loadBillsFromFile: Bill #201 - Cashier: cashier1 - Date: 2026-01-23T12:17:23.419310 - Amount: $10.0
DEBUG BillManager.loadBillsFromFile: Bill #202 - Cashier: cashier1 - Date: 2026-01-23T12:17:23.424916 - Amount: $8.0
DEBUG BillManager.loadBillsFromFile: Bill #203 - Cashier: cashier2 - Date: 2026-01-23T12:17:23.429272 - Amount: $6.0
DEBUG BillManager.loadBillsFromFile: Bill #122 - Cashier: testCashier - Date: 2026-01-23T12:17:23.440545 - Amount: $5.0
DEBUG BillManager.loadBillsFromFile: Bill #301 - Cashier: cashier1 - Date: 2026-01-23T12:17:23.447151 - Amount: $10.0
DEBUG BillManager.loadBillsFromFile: Bill #302 - Cashier: cashier2 - Date: 2026-01-23T12:17:23.452116 - Amount: $8.0
DEBUG BillManager.loadBillsFromFile: Bill #303 - Cashier: cashier1 - Date: 2026-01-23T12:17:23.456620 - Amount: $6.0
DEBUG BillManager.loadBillsFromFile: Bill #1 - Cashier: cashier1 - Date: 2026-01-23T12:17:35.590519 - Amount: $0.0
DEBUG BillManager.loadBillsFromFile: Bill #1 - Cashier: cashier1 - Date: 2026-01-23T12:17:35.634143 - Amount: $0.0
DEBUG BillManager.loadBillsFromFile: Bill #1 - Cashier: cashier1 - Date: 2026-01-23T12:17:35.652185 - Amount: $0.0
DEBUG BillManager.loadBillsFromFile: Bill #1 - Cashier: cashier1 - Date: 2026-01-23T12:17:35.664881 - Amount: $0.0
DEBUG BillManager.loadBillsFromFile: Bill #1 - Cashier: cashier1 - Date: 2026-01-23T12:17:35.677325 - Amount: $0.0
DEBUG BillManager.loadBillsFromFile: Bill #1 - Cashier: cashier1 - Date: 2026-01-23T12:17:35.697277 - Amount: $0.0
DEBUG BillManager.loadBillsFromFile: Bill #2 - Cashier: cashier2 - Date: 2026-01-23T12:17:35.697292 - Amount: $0.0
DEBUG BillManager.loadBillsFromFile: Bill #1 - Cashier: cashier1 - Date: 2026-01-23T12:17:35.717947 - Amount: $0.0
DEBUG BillManager.loadBillsFromFile: Bill #1 - Cashier: cashier1 - Date: 2026-01-23T12:17:35.743942 - Amount: $0.0
DEBUG BillManager.loadBillsFromFile: Bill #2 - Cashier: cashier2 - Date: 2026-01-23T12:17:35.743955 - Amount: $0.0
DEBUG BillManager.loadBillsFromFile: Bill #3 - Cashier: cashier1 - Date: 2026-01-23T12:17:35.743957 - Amount: $0.0
DEBUG BillManager.loadBillsFromFile: Bill #1 - Cashier: cashier1 - Date: 2026-01-23T12:17:35.770802 - Amount: $0.0
DEBUG BillManager.loadBillsFromFile: Bill #1 - Cashier: cashier1 - Date: 2026-01-23T12:17:35.785336 - Amount: $0.0
DEBUG BillManager.loadBillsFromFile: Bill #2 - Cashier: cashier2 - Date: 2026-01-23T12:17:35.785347 - Amount: $0.0
DEBUG BillManager.loadBillsFromFile: Bill #1 - Cashier: cashier1 - Date: 2026-01-23T12:17:35.798719 - Amount: $0.0
DEBUG BillManager.loadBillsFromFile: Bill #1 - Cashier: cashier1 - Date: 2026-01-23T12:17:35.809594 - Amount: $0.0
DEBUG BillManager.loadBillsFromFile: Bill #1 - Cashier: cashier1 - Date: 2026-01-23T12:17:35.818980 - Amount: $0.0
DEBUG BillManager.loadBillsFromFile: Bill #1 - Cashier: cashier1 - Date: 2026-01-23T12:17:35.828360 - Amount: $0.0
DEBUG BillManager.loadBillsFromFile: Bill #2 - Cashier: cashier2 - Date: 2026-01-23T12:17:35.828373 - Amount: $0.0
DEBUG BillManager.loadBillsFromFile: Bill #1 - Cashier: cashier1 - Date: 2026-01-23T12:17:35.847383 - Amount: $0.0
DEBUG BillManager.loadBillsFromFile: Bill #2 - Cashier: cashier2 - Date: 2026-01-23T12:17:35.847395 - Amount: $0.0
DEBUG BillManager.loadBillsFromFile: Bill #3 - Cashier: cashier1 - Date: 2026-01-23T12:17:35.847397 - Amount: $0.0
DEBUG BillManager.loadBillsFromFile: Bill #1 - Cashier: cashier1 - Date: 2026-01-23T12:17:35.864603 - Amount: $0.0
DEBUG BillManager.loadBillsFromFile: Bill #149 - Cashier: testCashier - Date: 2026-01-23T12:18:13.622031 - Amount: $26.0
DEBUG BillManager.loadBillsFromFile: Bill #150 - Cashier: testCashier - Date: 2026-01-23T12:18:13.647408 - Amount: $15.0
DEBUG BillManager.loadBillsFromFile: Bill #101 - Cashier: cashier1 - Date: 2026-01-23T12:18:13.658184 - Amount: $5.0
DEBUG BillManager.loadBillsFromFile: Bill #102 - Cashier: cashier2 - Date: 2026-01-23T12:18:13.665424 - Amount: $2.4000000000000004
DEBUG BillManager.loadBillsFromFile: Bill #103 - Cashier: cashier1 - Date: 2026-01-23T12:18:13.671171 - Amount: $6.0
DEBUG BillManager.loadBillsFromFile: Bill #201 - Cashier: cashier1 - Date: 2026-01-23T12:18:13.678571 - Amount: $10.0
DEBUG BillManager.loadBillsFromFile: Bill #202 - Cashier: cashier1 - Date: 2026-01-23T12:18:13.683381 - Amount: $8.0
DEBUG BillManager.loadBillsFromFile: Bill #203 - Cashier: cashier2 - Date: 2026-01-23T12:18:13.687959 - Amount: $6.0
DEBUG BillManager.loadBillsFromFile: Bill #157 - Cashier: testCashier - Date: 2026-01-23T12:18:13.699719 - Amount: $5.0
DEBUG BillManager.loadBillsFromFile: Bill #301 - Cashier: cashier1 - Date: 2026-01-23T12:18:13.706351 - Amount: $10.0
DEBUG BillManager.loadBillsFromFile: Bill #302 - Cashier: cashier2 - Date: 2026-01-23T12:18:13.710981 - Amount: $8.0
DEBUG BillManager.loadBillsFromFile: Bill #303 - Cashier: cashier1 - Date: 2026-01-23T12:18:13.715655 - Amount: $6.0
DEBUG BillManager.loadBillsFromFile: Bill #1 - Cashier: cashier1 - Date: 2026-01-23T12:18:22.129255 - Amount: $0.0
DEBUG BillManager.loadBillsFromFile: Bill #1 - Cashier: cashier1 - Date: 2026-01-23T12:18:22.183645 - Amount: $0.0
DEBUG BillManager.loadBillsFromFile: Bill #1 - Cashier: cashier1 - Date: 2026-01-23T12:18:22.206133 - Amount: $0.0
DEBUG BillManager.loadBillsFromFile: Bill #1 - Cashier: cashier1 - Date: 2026-01-23T12:18:22.220903 - Amount: $0.0
DEBUG BillManager.loadBillsFromFile: Bill #1 - Cashier: cashier1 - Date: 2026-01-23T12:18:22.239439 - Amount: $0.0
DEBUG BillManager.loadBillsFromFile: Bill #1 - Cashier: cashier1 - Date: 2026-01-23T12:18:22.258319 - Amount: $0.0
DEBUG BillManager.loadBillsFromFile: Bill #2 - Cashier: cashier2 - Date: 2026-01-23T12:18:22.258334 - Amount: $0.0
DEBUG BillManager.loadBillsFromFile: Bill #1 - Cashier: cashier1 - Date: 2026-01-23T12:18:22.284624 - Amount: $0.0
DEBUG BillManager.loadBillsFromFile: Bill #1 - Cashier: cashier1 - Date: 2026-01-23T12:18:22.309468 - Amount: $0.0
DEBUG BillManager.loadBillsFromFile: Bill #2 - Cashier: cashier2 - Date: 2026-01-23T12:18:22.309479 - Amount: $0.0
DEBUG BillManager.loadBillsFromFile: Bill #3 - Cashier: cashier1 - Date: 2026-01-23T12:18:22.309480 - Amount: $0.0
DEBUG BillManager.loadBillsFromFile: Bill #1 - Cashier: cashier1 - Date: 2026-01-23T12:18:22.349112 - Amount: $0.0
DEBUG BillManager.loadBillsFromFile: Bill #1 - Cashier: cashier1 - Date: 2026-01-23T12:18:22.371636 - Amount: $0.0
DEBUG BillManager.loadBillsFromFile: Bill #2 - Cashier: cashier2 - Date: 2026-01-23T12:18:22.371665 - Amount: $0.0
DEBUG BillManager.loadBillsFromFile: Bill #1 - Cashier: cashier1 - Date: 2026-01-23T12:18:22.389462 - Amount: $0.0
DEBUG BillManager.loadBillsFromFile: Bill #1 - Cashier: cashier1 - Date: 2026-01-23T12:18:22.402249 - Amount: $0.0
DEBUG BillManager.loadBillsFromFile: Bill #1 - Cashier: cashier1 - Date: 2026-01-23T12:18:22.413791 - Amount: $0.0
DEBUG BillManager.loadBillsFromFile: Bill #1 - Cashier: cashier1 - Date: 2026-01-23T12:18:22.425281 - Amount: $0.0
DEBUG BillManager.loadBillsFromFile: Bill #2 - Cashier: cashier2 - Date: 2026-01-23T12:18:22.425291 - Amount: $0.0
DEBUG BillManager.loadBillsFromFile: Bill #1 - Cashier: cashier1 - Date: 2026-01-23T12:18:22.447851 - Amount: $0.0
DEBUG BillManager.loadBillsFromFile: Bill #2 - Cashier: cashier2 - Date: 2026-01-23T12:18:22.447861 - Amount: $0.0
DEBUG BillManager.loadBillsFromFile: Bill #3 - Cashier: cashier1 - Date: 2026-01-23T12:18:22.447862 - Amount: $0.0
DEBUG BillManager.loadBillsFromFile: Bill #1 - Cashier: cashier1 - Date: 2026-01-23T12:18:22.468533 - Amount: $0.0
DEBUG BillManager.loadBillsFromFile: Bill #1 - Cashier: cashier1 - Date: 2026-01-23T12:19:14.536582 - Amount: $0.0
DEBUG BillManager.loadBillsFromFile: Bill #1 - Cashier: cashier1 - Date: 2026-01-23T12:19:14.573116 - Amount: $0.0
DEBUG BillManager.loadBillsFromFile: Bill #1 - Cashier: cashier1 - Date: 2026-01-23T12:19:14.597785 - Amount: $0.0
DEBUG BillManager.loadBillsFromFile: Bill #1 - Cashier: cashier1 - Date: 2026-01-23T12:19:14.614803 - Amount: $0.0
DEBUG BillManager.loadBillsFromFile: Bill #1 - Cashier: cashier1 - Date: 2026-01-23T12:19:14.629018 - Amount: $0.0
DEBUG BillManager.loadBillsFromFile: Bill #1 - Cashier: cashier1 - Date: 2026-01-23T12:19:14.649566 - Amount: $0.0
DEBUG BillManager.loadBillsFromFile: Bill #2 - Cashier: cashier2 - Date: 2026-01-23T12:19:14.649581 - Amount: $0.0
DEBUG BillManager.loadBillsFromFile: Bill #1 - Cashier: cashier1 - Date: 2026-01-23T12:19:14.675035 - Amount: $0.0
DEBUG BillManager.loadBillsFromFile: Bill #1 - Cashier: cashier1 - Date: 2026-01-23T12:19:14.701587 - Amount: $0.0
DEBUG BillManager.loadBillsFromFile: Bill #2 - Cashier: cashier2 - Date: 2026-01-23T12:19:14.701599 - Amount: $0.0
DEBUG BillManager.loadBillsFromFile: Bill #3 - Cashier: cashier1 - Date: 2026-01-23T12:19:14.701601 - Amount: $0.0
DEBUG BillManager.loadBillsFromFile: Bill #1 - Cashier: cashier1 - Date: 2026-01-23T12:19:14.738476 - Amount: $0.0
DEBUG BillManager.loadBillsFromFile: Bill #1 - Cashier: cashier1 - Date: 2026-01-23T12:19:14.757106 - Amount: $0.0
DEBUG BillManager.loadBillsFromFile: Bill #2 - Cashier: cashier2 - Date: 2026-01-23T12:19:14.757133 - Amount: $0.0
DEBUG BillManager.loadBillsFromFile: Bill #1 - Cashier: cashier1 - Date: 2026-01-23T12:19:14.775524 - Amount: $0.0
DEBUG BillManager.loadBillsFromFile: Bill #1 - Cashier: cashier1 - Date: 2026-01-23T12:19:14.788627 - Amount: $0.0
DEBUG BillManager.loadBillsFromFile: Bill #1 - Cashier: cashier1 - Date: 2026-01-23T12:19:14.800894 - Amount: $0.0
DEBUG BillManager.loadBillsFromFile: Bill #1 - Cashier: cashier1 - Date: 2026-01-23T12:19:14.812785 - Amount: $0.0
DEBUG BillManager.loadBillsFromFile: Bill #2 - Cashier: cashier2 - Date: 2026-01-23T12:19:14.812793 - Amount: $0.0
DEBUG BillManager.loadBillsFromFile: Bill #1 - Cashier: cashier1 - Date: 2026-01-23T12:19:14.836461 - Amount: $0.0
DEBUG BillManager.loadBillsFromFile: Bill #2 - Cashier: cashier2 - Date: 2026-01-23T12:19:14.836470 - Amount: $0.0
DEBUG BillManager.loadBillsFromFile: Bill #3 - Cashier: cashier1 - Date: 2026-01-23T12:19:14.836471 - Amount: $0.0
DEBUG BillManager.loadBillsFromFile: Bill #1 - Cashier: cashier1 - Date: 2026-01-23T12:19:14.859634 - Amount: $0.0
DEBUG BillManager: Loaded 206 bills from data/bills_data.ser
DEBUG Inventory.loadInventory: Loading from data/inventory.txt
DEBUG Inventory.loadInventory: Read line 1: Laptop,Electronics,650.00,850.00,12
DEBUG Inventory.loadInventory: Added item: Laptop
DEBUG Inventory.loadInventory: Read line 2: Keyboard,Accessories,10.00,18.00,42
DEBUG Inventory.loadInventory: Added item: Keyboard
DEBUG Inventory.loadInventory: Read line 3: Mouse,Accessories,6.00,12.00,60
DEBUG Inventory.loadInventory: Added item: Mouse
DEBUG Inventory.loadInventory: Read line 4: Apple,Groceries,0.30,0.60,150
DEBUG Inventory.loadInventory: Added item: Apple
DEBUG Inventory.loadInventory: Read line 5: Water Bottle,Groceries,0.20,0.50,200
DEBUG Inventory.loadInventory: Added item: Water Bottle
DEBUG Inventory.loadInventory: Loaded 5 items total

--- IT-01: Create bill with single item ---
Test completed. Current bills count: 206
]]></system-out>
    <system-err><![CDATA[java.lang.instrument.IllegalClassFormatException: Error while instrumenting project/projecte/Integration/BillCreationIntegrationTest with JaCoCo 0.8.11.202310140853/f33756c.
	at org.jacoco.agent.rt.internal_4742761.CoverageTransformer.transform(CoverageTransformer.java:94)
	at java.instrument/java.lang.instrument.ClassFileTransformer.transform(ClassFileTransformer.java:257)
	at java.instrument/sun.instrument.TransformerManager.transform(TransformerManager.java:188)
	at java.instrument/sun.instrument.InstrumentationImpl.transform(InstrumentationImpl.java:594)
	at java.base/java.lang.ClassLoader.defineClass1(Native Method)
	at java.base/java.lang.ClassLoader.defineClass(ClassLoader.java:962)
	at java.base/java.security.SecureClassLoader.defineClass(SecureClassLoader.java:144)
	at java.base/jdk.internal.loader.BuiltinClassLoader.defineClass(BuiltinClassLoader.java:776)
	at java.base/jdk.internal.loader.BuiltinClassLoader.findClassOnClassPathOrNull(BuiltinClassLoader.java:691)
	at java.base/jdk.internal.loader.BuiltinClassLoader.loadClassOrNull(BuiltinClassLoader.java:620)
	at java.base/jdk.internal.loader.BuiltinClassLoader.loadClass(BuiltinClassLoader.java:578)
	at java.base/java.lang.ClassLoader.loadClass(ClassLoader.java:490)
	at org.apache.maven.surefire.api.util.DefaultScanResult.loadClass(DefaultScanResult.java:115)
	at org.apache.maven.surefire.api.util.DefaultScanResult.applyFilter(DefaultScanResult.java:85)
	at org.apache.maven.surefire.junitplatform.JUnitPlatformProvider.scanClasspath(JUnitPlatformProvider.java:142)
	at org.apache.maven.surefire.junitplatform.JUnitPlatformProvider.invoke(JUnitPlatformProvider.java:122)
	at org.apache.maven.surefire.booter.ForkedBooter.runSuitesInProcess(ForkedBooter.java:385)
	at org.apache.maven.surefire.booter.ForkedBooter.execute(ForkedBooter.java:162)
	at org.apache.maven.surefire.booter.ForkedBooter.run(ForkedBooter.java:507)
	at org.apache.maven.surefire.booter.ForkedBooter.main(ForkedBooter.java:495)
Caused by: java.io.IOException: Error while instrumenting project/projecte/Integration/BillCreationIntegrationTest with JaCoCo 0.8.11.202310140853/f33756c.
	at org.jacoco.agent.rt.internal_4742761.core.instr.Instrumenter.instrumentError(Instrumenter.java:161)
	at org.jacoco.agent.rt.internal_4742761.core.instr.Instrumenter.instrument(Instrumenter.java:111)
	at org.jacoco.agent.rt.internal_4742761.CoverageTransformer.transform(CoverageTransformer.java:92)
	... 19 more
Caused by: java.lang.IllegalArgumentException: Unsupported class file major version 67
	at org.jacoco.agent.rt.internal_4742761.asm.ClassReader.<init>(ClassReader.java:200)
	at org.jacoco.agent.rt.internal_4742761.asm.ClassReader.<init>(ClassReader.java:180)
	at org.jacoco.agent.rt.internal_4742761.asm.ClassReader.<init>(ClassReader.java:166)
	at org.jacoco.agent.rt.internal_4742761.core.internal.instr.InstrSupport.classReaderFor(InstrSupport.java:280)
	at org.jacoco.agent.rt.internal_4742761.core.instr.Instrumenter.instrument(Instrumenter.java:77)
	at org.jacoco.agent.rt.internal_4742761.core.instr.Instrumenter.instrument(Instrumenter.java:109)
	... 20 more
java.lang.instrument.IllegalClassFormatException: Error while instrumenting project/projecte/Model/Bill with JaCoCo 0.8.11.202310140853/f33756c.
	at org.jacoco.agent.rt.internal_4742761.CoverageTransformer.transform(CoverageTransformer.java:94)
	at java.instrument/java.lang.instrument.ClassFileTransformer.transform(ClassFileTransformer.java:257)
	at java.instrument/sun.instrument.TransformerManager.transform(TransformerManager.java:188)
	at java.instrument/sun.instrument.InstrumentationImpl.transform(InstrumentationImpl.java:594)
	at java.base/java.lang.ClassLoader.defineClass1(Native Method)
	at java.base/java.lang.ClassLoader.defineClass(ClassLoader.java:962)
	at java.base/java.security.SecureClassLoader.defineClass(SecureClassLoader.java:144)
	at java.base/jdk.internal.loader.BuiltinClassLoader.defineClass(BuiltinClassLoader.java:776)
	at java.base/jdk.internal.loader.BuiltinClassLoader.findClassOnClassPathOrNull(BuiltinClassLoader.java:691)
	at java.base/jdk.internal.loader.BuiltinClassLoader.loadClassOrNull(BuiltinClassLoader.java:620)
	at java.base/jdk.internal.loader.BuiltinClassLoader.loadClass(BuiltinClassLoader.java:578)
	at java.base/java.lang.ClassLoader.loadClass(ClassLoader.java:490)
	at java.base/java.lang.Class.getDeclaredMethods0(Native Method)
	at java.base/java.lang.Class.privateGetDeclaredMethods(Class.java:3010)
	at java.base/java.lang.Class.getDeclaredMethods(Class.java:2329)
	at org.junit.platform.commons.util.ReflectionUtils.getDeclaredMethods(ReflectionUtils.java:1568)
	at org.junit.platform.commons.util.ReflectionUtils.findMethod(ReflectionUtils.java:1408)
	at org.junit.platform.commons.util.ReflectionUtils.isMethodPresent(ReflectionUtils.java:1306)
	at org.junit.jupiter.engine.discovery.predicates.IsTestClassWithTests.hasTestOrTestFactoryOrTestTemplateMethods(IsTestClassWithTests.java:50)
	at org.junit.jupiter.engine.discovery.predicates.IsTestClassWithTests.test(IsTestClassWithTests.java:46)
	at org.junit.jupiter.engine.discovery.ClassSelectorResolver.resolve(ClassSelectorResolver.java:67)
	at org.junit.platform.engine.support.discovery.EngineDiscoveryRequestResolution.lambda$resolve$2(EngineDiscoveryRequestResolution.java:135)
	at java.base/java.util.stream.ReferencePipeline$3$1.accept(ReferencePipeline.java:214)
	at java.base/java.util.ArrayList$ArrayListSpliterator.tryAdvance(ArrayList.java:1693)
	at java.base/java.util.stream.ReferencePipeline.forEachWithCancel(ReferencePipeline.java:147)
	at java.base/java.util.stream.AbstractPipeline.copyIntoWithCancel(AbstractPipeline.java:588)
	at java.base/java.util.stream.AbstractPipeline.copyInto(AbstractPipeline.java:574)
	at java.base/java.util.stream.AbstractPipeline.wrapAndCopyInto(AbstractPipeline.java:560)
	at java.base/java.util.stream.FindOps$FindOp.evaluateSequential(FindOps.java:150)
	at java.base/java.util.stream.AbstractPipeline.evaluate(AbstractPipeline.java:265)
	at java.base/java.util.stream.ReferencePipeline.findFirst(ReferencePipeline.java:683)
	at org.junit.platform.engine.support.discovery.EngineDiscoveryRequestResolution.resolve(EngineDiscoveryRequestResolution.java:189)
	at org.junit.platform.engine.support.discovery.EngineDiscoveryRequestResolution.resolve(EngineDiscoveryRequestResolution.java:126)
	at org.junit.platform.engine.support.discovery.EngineDiscoveryRequestResolution.resolveCompletely(EngineDiscoveryRequestResolution.java:92)
	at org.junit.platform.engine.support.discovery.EngineDiscoveryRequestResolution.run(EngineDiscoveryRequestResolution.java:83)
	at org.junit.platform.engine.support.discovery.EngineDiscoveryRequestResolver.resolve(EngineDiscoveryRequestResolver.java:113)
	at org.junit.jupiter.engine.discovery.DiscoverySelectorResolver.resolveSelectors(DiscoverySelectorResolver.java:46)
	at org.junit.jupiter.engine.JupiterTestEngine.discover(JupiterTestEngine.java:69)
	at org.junit.platform.launcher.core.EngineDiscoveryOrchestrator.discoverEngineRoot(EngineDiscoveryOrchestrator.java:152)
	at org.junit.platform.launcher.core.EngineDiscoveryOrchestrator.discoverSafely(EngineDiscoveryOrchestrator.java:132)
	at org.junit.platform.launcher.core.EngineDiscoveryOrchestrator.discover(EngineDiscoveryOrchestrator.java:107)
	at org.junit.platform.launcher.core.EngineDiscoveryOrchestrator.discover(EngineDiscoveryOrchestrator.java:78)
	at org.junit.platform.launcher.core.DefaultLauncher.discover(DefaultLauncher.java:99)
	at org.junit.platform.launcher.core.DefaultLauncher.discover(DefaultLauncher.java:77)
	at org.junit.platform.launcher.core.DelegatingLauncher.discover(DelegatingLauncher.java:42)
	at org.apache.maven.surefire.junitplatform.LazyLauncher.discover(LazyLauncher.java:50)
	at org.apache.maven.surefire.junitplatform.TestPlanScannerFilter.accept(TestPlanScannerFilter.java:52)
	at org.apache.maven.surefire.api.util.DefaultScanResult.applyFilter(DefaultScanResult.java:87)
	at org.apache.maven.surefire.junitplatform.JUnitPlatformProvider.scanClasspath(JUnitPlatformProvider.java:142)
	at org.apache.maven.surefire.junitplatform.JUnitPlatformProvider.invoke(JUnitPlatformProvider.java:122)
	at org.apache.maven.surefire.booter.ForkedBooter.runSuitesInProcess(ForkedBooter.java:385)
	at org.apache.maven.surefire.booter.ForkedBooter.execute(ForkedBooter.java:162)
	at org.apache.maven.surefire.booter.ForkedBooter.run(ForkedBooter.java:507)
	at org.apache.maven.surefire.booter.ForkedBooter.main(ForkedBooter.java:495)
Caused by: java.io.IOException: Error while instrumenting project/projecte/Model/Bill with JaCoCo 0.8.11.202310140853/f33756c.
	at org.jacoco.agent.rt.internal_4742761.core.instr.Instrumenter.instrumentError(Instrumenter.java:161)
	at org.jacoco.agent.rt.internal_4742761.core.instr.Instrumenter.instrument(Instrumenter.java:111)
	at org.jacoco.agent.rt.internal_4742761.CoverageTransformer.transform(CoverageTransformer.java:92)
	... 53 more
Caused by: java.lang.IllegalArgumentException: Unsupported class file major version 67
	at org.jacoco.agent.rt.internal_4742761.asm.ClassReader.<init>(ClassReader.java:200)
	at org.jacoco.agent.rt.internal_4742761.asm.ClassReader.<init>(ClassReader.java:180)
	at org.jacoco.agent.rt.internal_4742761.asm.ClassReader.<init>(ClassReader.java:166)
	at org.jacoco.agent.rt.internal_4742761.core.internal.instr.InstrSupport.classReaderFor(InstrSupport.java:280)
	at org.jacoco.agent.rt.internal_4742761.core.instr.Instrumenter.instrument(Instrumenter.java:77)
	at org.jacoco.agent.rt.internal_4742761.core.instr.Instrumenter.instrument(Instrumenter.java:109)
	... 54 more
java.lang.instrument.IllegalClassFormatException: Error while instrumenting project/projecte/Model/InventoryTest with JaCoCo 0.8.11.202310140853/f33756c.
	at org.jacoco.agent.rt.internal_4742761.CoverageTransformer.transform(CoverageTransformer.java:94)
	at java.instrument/java.lang.instrument.ClassFileTransformer.transform(ClassFileTransformer.java:257)
	at java.instrument/sun.instrument.TransformerManager.transform(TransformerManager.java:188)
	at java.instrument/sun.instrument.InstrumentationImpl.transform(InstrumentationImpl.java:594)
	at java.base/java.lang.ClassLoader.defineClass1(Native Method)
	at java.base/java.lang.ClassLoader.defineClass(ClassLoader.java:962)
	at java.base/java.security.SecureClassLoader.defineClass(SecureClassLoader.java:144)
	at java.base/jdk.internal.loader.BuiltinClassLoader.defineClass(BuiltinClassLoader.java:776)
	at java.base/jdk.internal.loader.BuiltinClassLoader.findClassOnClassPathOrNull(BuiltinClassLoader.java:691)
	at java.base/jdk.internal.loader.BuiltinClassLoader.loadClassOrNull(BuiltinClassLoader.java:620)
	at java.base/jdk.internal.loader.BuiltinClassLoader.loadClass(BuiltinClassLoader.java:578)
	at java.base/java.lang.ClassLoader.loadClass(ClassLoader.java:490)
	at org.apache.maven.surefire.api.util.DefaultScanResult.loadClass(DefaultScanResult.java:115)
	at org.apache.maven.surefire.api.util.DefaultScanResult.applyFilter(DefaultScanResult.java:85)
	at org.apache.maven.surefire.junitplatform.JUnitPlatformProvider.scanClasspath(JUnitPlatformProvider.java:142)
	at org.apache.maven.surefire.junitplatform.JUnitPlatformProvider.invoke(JUnitPlatformProvider.java:122)
	at org.apache.maven.surefire.booter.ForkedBooter.runSuitesInProcess(ForkedBooter.java:385)
	at org.apache.maven.surefire.booter.ForkedBooter.execute(ForkedBooter.java:162)
	at org.apache.maven.surefire.booter.ForkedBooter.run(ForkedBooter.java:507)
	at org.apache.maven.surefire.booter.ForkedBooter.main(ForkedBooter.java:495)
Caused by: java.io.IOException: Error while instrumenting project/projecte/Model/InventoryTest with JaCoCo 0.8.11.202310140853/f33756c.
	at org.jacoco.agent.rt.internal_4742761.core.instr.Instrumenter.instrumentError(Instrumenter.java:161)
	at org.jacoco.agent.rt.internal_4742761.core.instr.Instrumenter.instrument(Instrumenter.java:111)
	at org.jacoco.agent.rt.internal_4742761.CoverageTransformer.transform(CoverageTransformer.java:92)
	... 19 more
Caused by: java.lang.IllegalArgumentException: Unsupported class file major version 67
	at org.jacoco.agent.rt.internal_4742761.asm.ClassReader.<init>(ClassReader.java:200)
	at org.jacoco.agent.rt.internal_4742761.asm.ClassReader.<init>(ClassReader.java:180)
	at org.jacoco.agent.rt.internal_4742761.asm.ClassReader.<init>(ClassReader.java:166)
	at org.jacoco.agent.rt.internal_4742761.core.internal.instr.InstrSupport.classReaderFor(InstrSupport.java:280)
	at org.jacoco.agent.rt.internal_4742761.core.instr.Instrumenter.instrument(Instrumenter.java:77)
	at org.jacoco.agent.rt.internal_4742761.core.instr.Instrumenter.instrument(Instrumenter.java:109)
	... 20 more
java.lang.instrument.IllegalClassFormatException: Error while instrumenting project/projecte/Model/Item with JaCoCo 0.8.11.202310140853/f33756c.
	at org.jacoco.agent.rt.internal_4742761.CoverageTransformer.transform(CoverageTransformer.java:94)
	at java.instrument/java.lang.instrument.ClassFileTransformer.transform(ClassFileTransformer.java:257)
	at java.instrument/sun.instrument.TransformerManager.transform(TransformerManager.java:188)
	at java.instrument/sun.instrument.InstrumentationImpl.transform(InstrumentationImpl.java:594)
	at java.base/java.lang.ClassLoader.defineClass1(Native Method)
	at java.base/java.lang.ClassLoader.defineClass(ClassLoader.java:962)
	at java.base/java.security.SecureClassLoader.defineClass(SecureClassLoader.java:144)
	at java.base/jdk.internal.loader.BuiltinClassLoader.defineClass(BuiltinClassLoader.java:776)
	at java.base/jdk.internal.loader.BuiltinClassLoader.findClassOnClassPathOrNull(BuiltinClassLoader.java:691)
	at java.base/jdk.internal.loader.BuiltinClassLoader.loadClassOrNull(BuiltinClassLoader.java:620)
	at java.base/jdk.internal.loader.BuiltinClassLoader.loadClass(BuiltinClassLoader.java:578)
	at java.base/java.lang.ClassLoader.loadClass(ClassLoader.java:490)
	at java.base/java.lang.Class.getDeclaredMethods0(Native Method)
	at java.base/java.lang.Class.privateGetDeclaredMethods(Class.java:3010)
	at java.base/java.lang.Class.getDeclaredMethods(Class.java:2329)
	at org.junit.platform.commons.util.ReflectionUtils.getDeclaredMethods(ReflectionUtils.java:1568)
	at org.junit.platform.commons.util.ReflectionUtils.findMethod(ReflectionUtils.java:1408)
	at org.junit.platform.commons.util.ReflectionUtils.isMethodPresent(ReflectionUtils.java:1306)
	at org.junit.jupiter.engine.discovery.predicates.IsTestClassWithTests.hasTestOrTestFactoryOrTestTemplateMethods(IsTestClassWithTests.java:50)
	at org.junit.jupiter.engine.discovery.predicates.IsTestClassWithTests.test(IsTestClassWithTests.java:46)
	at org.junit.jupiter.engine.discovery.ClassSelectorResolver.resolve(ClassSelectorResolver.java:67)
	at org.junit.platform.engine.support.discovery.EngineDiscoveryRequestResolution.lambda$resolve$2(EngineDiscoveryRequestResolution.java:135)
	at java.base/java.util.stream.ReferencePipeline$3$1.accept(ReferencePipeline.java:214)
	at java.base/java.util.ArrayList$ArrayListSpliterator.tryAdvance(ArrayList.java:1693)
	at java.base/java.util.stream.ReferencePipeline.forEachWithCancel(ReferencePipeline.java:147)
	at java.base/java.util.stream.AbstractPipeline.copyIntoWithCancel(AbstractPipeline.java:588)
	at java.base/java.util.stream.AbstractPipeline.copyInto(AbstractPipeline.java:574)
	at java.base/java.util.stream.AbstractPipeline.wrapAndCopyInto(AbstractPipeline.java:560)
	at java.base/java.util.stream.FindOps$FindOp.evaluateSequential(FindOps.java:150)
	at java.base/java.util.stream.AbstractPipeline.evaluate(AbstractPipeline.java:265)
	at java.base/java.util.stream.ReferencePipeline.findFirst(ReferencePipeline.java:683)
	at org.junit.platform.engine.support.discovery.EngineDiscoveryRequestResolution.resolve(EngineDiscoveryRequestResolution.java:189)
	at org.junit.platform.engine.support.discovery.EngineDiscoveryRequestResolution.resolve(EngineDiscoveryRequestResolution.java:126)
	at org.junit.platform.engine.support.discovery.EngineDiscoveryRequestResolution.resolveCompletely(EngineDiscoveryRequestResolution.java:92)
	at org.junit.platform.engine.support.discovery.EngineDiscoveryRequestResolution.run(EngineDiscoveryRequestResolution.java:83)
	at org.junit.platform.engine.support.discovery.EngineDiscoveryRequestResolver.resolve(EngineDiscoveryRequestResolver.java:113)
	at org.junit.jupiter.engine.discovery.DiscoverySelectorResolver.resolveSelectors(DiscoverySelectorResolver.java:46)
	at org.junit.jupiter.engine.JupiterTestEngine.discover(JupiterTestEngine.java:69)
	at org.junit.platform.launcher.core.EngineDiscoveryOrchestrator.discoverEngineRoot(EngineDiscoveryOrchestrator.java:152)
	at org.junit.platform.launcher.core.EngineDiscoveryOrchestrator.discoverSafely(EngineDiscoveryOrchestrator.java:132)
	at org.junit.platform.launcher.core.EngineDiscoveryOrchestrator.discover(EngineDiscoveryOrchestrator.java:107)
	at org.junit.platform.launcher.core.EngineDiscoveryOrchestrator.discover(EngineDiscoveryOrchestrator.java:78)
	at org.junit.platform.launcher.core.DefaultLauncher.discover(DefaultLauncher.java:99)
	at org.junit.platform.launcher.core.DefaultLauncher.discover(DefaultLauncher.java:77)
	at org.junit.platform.launcher.core.DelegatingLauncher.discover(DelegatingLauncher.java:42)
	at org.apache.maven.surefire.junitplatform.LazyLauncher.discover(LazyLauncher.java:50)
	at org.apache.maven.surefire.junitplatform.TestPlanScannerFilter.accept(TestPlanScannerFilter.java:52)
	at org.apache.maven.surefire.api.util.DefaultScanResult.applyFilter(DefaultScanResult.java:87)
	at org.apache.maven.surefire.junitplatform.JUnitPlatformProvider.scanClasspath(JUnitPlatformProvider.java:142)
	at org.apache.maven.surefire.junitplatform.JUnitPlatformProvider.invoke(JUnitPlatformProvider.java:122)
	at org.apache.maven.surefire.booter.ForkedBooter.runSuitesInProcess(ForkedBooter.java:385)
	at org.apache.maven.surefire.booter.ForkedBooter.execute(ForkedBooter.java:162)
	at org.apache.maven.surefire.booter.ForkedBooter.run(ForkedBooter.java:507)
	at org.apache.maven.surefire.booter.ForkedBooter.main(ForkedBooter.java:495)
Caused by: java.io.IOException: Error while instrumenting project/projecte/Model/Item with JaCoCo 0.8.11.202310140853/f33756c.
	at org.jacoco.agent.rt.internal_4742761.core.instr.Instrumenter.instrumentError(Instrumenter.java:161)
	at org.jacoco.agent.rt.internal_4742761.core.instr.Instrumenter.instrument(Instrumenter.java:111)
	at org.jacoco.agent.rt.internal_4742761.CoverageTransformer.transform(CoverageTransformer.java:92)
	... 53 more
Caused by: java.lang.IllegalArgumentException: Unsupported class file major version 67
	at org.jacoco.agent.rt.internal_4742761.asm.ClassReader.<init>(ClassReader.java:200)
	at org.jacoco.agent.rt.internal_4742761.asm.ClassReader.<init>(ClassReader.java:180)
	at org.jacoco.agent.rt.internal_4742761.asm.ClassReader.<init>(ClassReader.java:166)
	at org.jacoco.agent.rt.internal_4742761.core.internal.instr.InstrSupport.classReaderFor(InstrSupport.java:280)
	at org.jacoco.agent.rt.internal_4742761.core.instr.Instrumenter.instrument(Instrumenter.java:77)
	at org.jacoco.agent.rt.internal_4742761.core.instr.Instrumenter.instrument(Instrumenter.java:109)
	... 54 more
java.lang.instrument.IllegalClassFormatException: Error while instrumenting project/projecte/Model/ItemTest with JaCoCo 0.8.11.202310140853/f33756c.
	at org.jacoco.agent.rt.internal_4742761.CoverageTransformer.transform(CoverageTransformer.java:94)
	at java.instrument/java.lang.instrument.ClassFileTransformer.transform(ClassFileTransformer.java:257)
	at java.instrument/sun.instrument.TransformerManager.transform(TransformerManager.java:188)
	at java.instrument/sun.instrument.InstrumentationImpl.transform(InstrumentationImpl.java:594)
	at java.base/java.lang.ClassLoader.defineClass1(Native Method)
	at java.base/java.lang.ClassLoader.defineClass(ClassLoader.java:962)
	at java.base/java.security.SecureClassLoader.defineClass(SecureClassLoader.java:144)
	at java.base/jdk.internal.loader.BuiltinClassLoader.defineClass(BuiltinClassLoader.java:776)
	at java.base/jdk.internal.loader.BuiltinClassLoader.findClassOnClassPathOrNull(BuiltinClassLoader.java:691)
	at java.base/jdk.internal.loader.BuiltinClassLoader.loadClassOrNull(BuiltinClassLoader.java:620)
	at java.base/jdk.internal.loader.BuiltinClassLoader.loadClass(BuiltinClassLoader.java:578)
	at java.base/java.lang.ClassLoader.loadClass(ClassLoader.java:490)
	at org.apache.maven.surefire.api.util.DefaultScanResult.loadClass(DefaultScanResult.java:115)
	at org.apache.maven.surefire.api.util.DefaultScanResult.applyFilter(DefaultScanResult.java:85)
	at org.apache.maven.surefire.junitplatform.JUnitPlatformProvider.scanClasspath(JUnitPlatformProvider.java:142)
	at org.apache.maven.surefire.junitplatform.JUnitPlatformProvider.invoke(JUnitPlatformProvider.java:122)
	at org.apache.maven.surefire.booter.ForkedBooter.runSuitesInProcess(ForkedBooter.java:385)
	at org.apache.maven.surefire.booter.ForkedBooter.execute(ForkedBooter.java:162)
	at org.apache.maven.surefire.booter.ForkedBooter.run(ForkedBooter.java:507)
	at org.apache.maven.surefire.booter.ForkedBooter.main(ForkedBooter.java:495)
Caused by: java.io.IOException: Error while instrumenting project/projecte/Model/ItemTest with JaCoCo 0.8.11.202310140853/f33756c.
	at org.jacoco.agent.rt.internal_4742761.core.instr.Instrumenter.instrumentError(Instrumenter.java:161)
	at org.jacoco.agent.rt.internal_4742761.core.instr.Instrumenter.instrument(Instrumenter.java:111)
	at org.jacoco.agent.rt.internal_4742761.CoverageTransformer.transform(CoverageTransformer.java:92)
	... 19 more
Caused by: java.lang.IllegalArgumentException: Unsupported class file major version 67
	at org.jacoco.agent.rt.internal_4742761.asm.ClassReader.<init>(ClassReader.java:200)
	at org.jacoco.agent.rt.internal_4742761.asm.ClassReader.<init>(ClassReader.java:180)
	at org.jacoco.agent.rt.internal_4742761.asm.ClassReader.<init>(ClassReader.java:166)
	at org.jacoco.agent.rt.internal_4742761.core.internal.instr.InstrSupport.classReaderFor(InstrSupport.java:280)
	at org.jacoco.agent.rt.internal_4742761.core.instr.Instrumenter.instrument(Instrumenter.java:77)
	at org.jacoco.agent.rt.internal_4742761.core.instr.Instrumenter.instrument(Instrumenter.java:109)
	... 20 more
java.lang.instrument.IllegalClassFormatException: Error while instrumenting project/projecte/Model/BillManagerTest with JaCoCo 0.8.11.202310140853/f33756c.
	at org.jacoco.agent.rt.internal_4742761.CoverageTransformer.transform(CoverageTransformer.java:94)
	at java.instrument/java.lang.instrument.ClassFileTransformer.transform(ClassFileTransformer.java:257)
	at java.instrument/sun.instrument.TransformerManager.transform(TransformerManager.java:188)
	at java.instrument/sun.instrument.InstrumentationImpl.transform(InstrumentationImpl.java:594)
	at java.base/java.lang.ClassLoader.defineClass1(Native Method)
	at java.base/java.lang.ClassLoader.defineClass(ClassLoader.java:962)
	at java.base/java.security.SecureClassLoader.defineClass(SecureClassLoader.java:144)
	at java.base/jdk.internal.loader.BuiltinClassLoader.defineClass(BuiltinClassLoader.java:776)
	at java.base/jdk.internal.loader.BuiltinClassLoader.findClassOnClassPathOrNull(BuiltinClassLoader.java:691)
	at java.base/jdk.internal.loader.BuiltinClassLoader.loadClassOrNull(BuiltinClassLoader.java:620)
	at java.base/jdk.internal.loader.BuiltinClassLoader.loadClass(BuiltinClassLoader.java:578)
	at java.base/java.lang.ClassLoader.loadClass(ClassLoader.java:490)
	at org.apache.maven.surefire.api.util.DefaultScanResult.loadClass(DefaultScanResult.java:115)
	at org.apache.maven.surefire.api.util.DefaultScanResult.applyFilter(DefaultScanResult.java:85)
	at org.apache.maven.surefire.junitplatform.JUnitPlatformProvider.scanClasspath(JUnitPlatformProvider.java:142)
	at org.apache.maven.surefire.junitplatform.JUnitPlatformProvider.invoke(JUnitPlatformProvider.java:122)
	at org.apache.maven.surefire.booter.ForkedBooter.runSuitesInProcess(ForkedBooter.java:385)
	at org.apache.maven.surefire.booter.ForkedBooter.execute(ForkedBooter.java:162)
	at org.apache.maven.surefire.booter.ForkedBooter.run(ForkedBooter.java:507)
	at org.apache.maven.surefire.booter.ForkedBooter.main(ForkedBooter.java:495)
Caused by: java.io.IOException: Error while instrumenting project/projecte/Model/BillManagerTest with JaCoCo 0.8.11.202310140853/f33756c.
	at org.jacoco.agent.rt.internal_4742761.core.instr.Instrumenter.instrumentError(Instrumenter.java:161)
	at org.jacoco.agent.rt.internal_4742761.core.instr.Instrumenter.instrument(Instrumenter.java:111)
	at org.jacoco.agent.rt.internal_4742761.CoverageTransformer.transform(CoverageTransformer.java:92)
	... 19 more
Caused by: java.lang.IllegalArgumentException: Unsupported class file major version 67
	at org.jacoco.agent.rt.internal_4742761.asm.ClassReader.<init>(ClassReader.java:200)
	at org.jacoco.agent.rt.internal_4742761.asm.ClassReader.<init>(ClassReader.java:180)
	at org.jacoco.agent.rt.internal_4742761.asm.ClassReader.<init>(ClassReader.java:166)
	at org.jacoco.agent.rt.internal_4742761.core.internal.instr.InstrSupport.classReaderFor(InstrSupport.java:280)
	at org.jacoco.agent.rt.internal_4742761.core.instr.Instrumenter.instrument(Instrumenter.java:77)
	at org.jacoco.agent.rt.internal_4742761.core.instr.Instrumenter.instrument(Instrumenter.java:109)
	... 20 more
java.lang.instrument.IllegalClassFormatException: Error while instrumenting project/projecte/Model/BillTest with JaCoCo 0.8.11.202310140853/f33756c.
	at org.jacoco.agent.rt.internal_4742761.CoverageTransformer.transform(CoverageTransformer.java:94)
	at java.instrument/java.lang.instrument.ClassFileTransformer.transform(ClassFileTransformer.java:257)
	at java.instrument/sun.instrument.TransformerManager.transform(TransformerManager.java:188)
	at java.instrument/sun.instrument.InstrumentationImpl.transform(InstrumentationImpl.java:594)
	at java.base/java.lang.ClassLoader.defineClass1(Native Method)
	at java.base/java.lang.ClassLoader.defineClass(ClassLoader.java:962)
	at java.base/java.security.SecureClassLoader.defineClass(SecureClassLoader.java:144)
	at java.base/jdk.internal.loader.BuiltinClassLoader.defineClass(BuiltinClassLoader.java:776)
	at java.base/jdk.internal.loader.BuiltinClassLoader.findClassOnClassPathOrNull(BuiltinClassLoader.java:691)
	at java.base/jdk.internal.loader.BuiltinClassLoader.loadClassOrNull(BuiltinClassLoader.java:620)
	at java.base/jdk.internal.loader.BuiltinClassLoader.loadClass(BuiltinClassLoader.java:578)
	at java.base/java.lang.ClassLoader.loadClass(ClassLoader.java:490)
	at org.apache.maven.surefire.api.util.DefaultScanResult.loadClass(DefaultScanResult.java:115)
	at org.apache.maven.surefire.api.util.DefaultScanResult.applyFilter(DefaultScanResult.java:85)
	at org.apache.maven.surefire.junitplatform.JUnitPlatformProvider.scanClasspath(JUnitPlatformProvider.java:142)
	at org.apache.maven.surefire.junitplatform.JUnitPlatformProvider.invoke(JUnitPlatformProvider.java:122)
	at org.apache.maven.surefire.booter.ForkedBooter.runSuitesInProcess(ForkedBooter.java:385)
	at org.apache.maven.surefire.booter.ForkedBooter.execute(ForkedBooter.java:162)
	at org.apache.maven.surefire.booter.ForkedBooter.run(ForkedBooter.java:507)
	at org.apache.maven.surefire.booter.ForkedBooter.main(ForkedBooter.java:495)
Caused by: java.io.IOException: Error while instrumenting project/projecte/Model/BillTest with JaCoCo 0.8.11.202310140853/f33756c.
	at org.jacoco.agent.rt.internal_4742761.core.instr.Instrumenter.instrumentError(Instrumenter.java:161)
	at org.jacoco.agent.rt.internal_4742761.core.instr.Instrumenter.instrument(Instrumenter.java:111)
	at org.jacoco.agent.rt.internal_4742761.CoverageTransformer.transform(CoverageTransformer.java:92)
	... 19 more
Caused by: java.lang.IllegalArgumentException: Unsupported class file major version 67
	at org.jacoco.agent.rt.internal_4742761.asm.ClassReader.<init>(ClassReader.java:200)
	at org.jacoco.agent.rt.internal_4742761.asm.ClassReader.<init>(ClassReader.java:180)
	at org.jacoco.agent.rt.internal_4742761.asm.ClassReader.<init>(ClassReader.java:166)
	at org.jacoco.agent.rt.internal_4742761.core.internal.instr.InstrSupport.classReaderFor(InstrSupport.java:280)
	at org.jacoco.agent.rt.internal_4742761.core.instr.Instrumenter.instrument(Instrumenter.java:77)
	at org.jacoco.agent.rt.internal_4742761.core.instr.Instrumenter.instrument(Instrumenter.java:109)
	... 20 more
java.lang.instrument.IllegalClassFormatException: Error while instrumenting project/projecte/Model/BillManager with JaCoCo 0.8.11.202310140853/f33756c.
	at org.jacoco.agent.rt.internal_4742761.CoverageTransformer.transform(CoverageTransformer.java:94)
	at java.instrument/java.lang.instrument.ClassFileTransformer.transform(ClassFileTransformer.java:257)
	at java.instrument/sun.instrument.TransformerManager.transform(TransformerManager.java:188)
	at java.instrument/sun.instrument.InstrumentationImpl.transform(InstrumentationImpl.java:594)
	at java.base/java.lang.ClassLoader.defineClass1(Native Method)
	at java.base/java.lang.ClassLoader.defineClass(ClassLoader.java:962)
	at java.base/java.security.SecureClassLoader.defineClass(SecureClassLoader.java:144)
	at java.base/jdk.internal.loader.BuiltinClassLoader.defineClass(BuiltinClassLoader.java:776)
	at java.base/jdk.internal.loader.BuiltinClassLoader.findClassOnClassPathOrNull(BuiltinClassLoader.java:691)
	at java.base/jdk.internal.loader.BuiltinClassLoader.loadClassOrNull(BuiltinClassLoader.java:620)
	at java.base/jdk.internal.loader.BuiltinClassLoader.loadClass(BuiltinClassLoader.java:578)
	at java.base/java.lang.ClassLoader.loadClass(ClassLoader.java:490)
	at java.base/java.lang.Class.getDeclaredFields0(Native Method)
	at java.base/java.lang.Class.privateGetDeclaredFields(Class.java:2917)
	at java.base/java.lang.Class.getDeclaredFields(Class.java:2247)
	at org.junit.platform.commons.util.ReflectionUtils.getDeclaredFields(ReflectionUtils.java:1546)
	at org.junit.platform.commons.util.ReflectionUtils.findAllFieldsInHierarchy(ReflectionUtils.java:1264)
	at org.junit.platform.commons.util.ReflectionUtils.streamFields(ReflectionUtils.java:1256)
	at org.junit.jupiter.engine.descriptor.ExtensionUtils.registerExtensionsFromFields(ExtensionUtils.java:96)
	at org.junit.jupiter.engine.descriptor.ClassBasedTestDescriptor.prepare(ClassBasedTestDescriptor.java:155)
	at org.junit.jupiter.engine.descriptor.ClassBasedTestDescriptor.prepare(ClassBasedTestDescriptor.java:85)
	at org.junit.platform.engine.support.hierarchical.NodeTestTask.lambda$prepare$2(NodeTestTask.java:123)
	at org.junit.platform.engine.support.hierarchical.ThrowableCollector.execute(ThrowableCollector.java:73)
	at org.junit.platform.engine.support.hierarchical.NodeTestTask.prepare(NodeTestTask.java:123)
	at org.junit.platform.engine.support.hierarchical.NodeTestTask.execute(NodeTestTask.java:90)
	at java.base/java.util.ArrayList.forEach(ArrayList.java:1604)
	at org.junit.platform.engine.support.hierarchical.SameThreadHierarchicalTestExecutorService.invokeAll(SameThreadHierarchicalTestExecutorService.java:41)
	at org.junit.platform.engine.support.hierarchical.NodeTestTask.lambda$executeRecursively$6(NodeTestTask.java:155)
	at org.junit.platform.engine.support.hierarchical.ThrowableCollector.execute(ThrowableCollector.java:73)
	at org.junit.platform.engine.support.hierarchical.NodeTestTask.lambda$executeRecursively$8(NodeTestTask.java:141)
	at org.junit.platform.engine.support.hierarchical.Node.around(Node.java:137)
	at org.junit.platform.engine.support.hierarchical.NodeTestTask.lambda$executeRecursively$9(NodeTestTask.java:139)
	at org.junit.platform.engine.support.hierarchical.ThrowableCollector.execute(ThrowableCollector.java:73)
	at org.junit.platform.engine.support.hierarchical.NodeTestTask.executeRecursively(NodeTestTask.java:138)
	at org.junit.platform.engine.support.hierarchical.NodeTestTask.execute(NodeTestTask.java:95)
	at org.junit.platform.engine.support.hierarchical.SameThreadHierarchicalTestExecutorService.submit(SameThreadHierarchicalTestExecutorService.java:35)
	at org.junit.platform.engine.support.hierarchical.HierarchicalTestExecutor.execute(HierarchicalTestExecutor.java:57)
	at org.junit.platform.engine.support.hierarchical.HierarchicalTestEngine.execute(HierarchicalTestEngine.java:54)
	at org.junit.platform.launcher.core.EngineExecutionOrchestrator.execute(EngineExecutionOrchestrator.java:198)
	at org.junit.platform.launcher.core.EngineExecutionOrchestrator.execute(EngineExecutionOrchestrator.java:169)
	at org.junit.platform.launcher.core.EngineExecutionOrchestrator.execute(EngineExecutionOrchestrator.java:93)
	at org.junit.platform.launcher.core.EngineExecutionOrchestrator.lambda$execute$0(EngineExecutionOrchestrator.java:58)
	at org.junit.platform.launcher.core.EngineExecutionOrchestrator.withInterceptedStreams(EngineExecutionOrchestrator.java:141)
	at org.junit.platform.launcher.core.EngineExecutionOrchestrator.execute(EngineExecutionOrchestrator.java:57)
	at org.junit.platform.launcher.core.DefaultLauncher.execute(DefaultLauncher.java:103)
	at org.junit.platform.launcher.core.DefaultLauncher.execute(DefaultLauncher.java:85)
	at org.junit.platform.launcher.core.DelegatingLauncher.execute(DelegatingLauncher.java:47)
	at org.apache.maven.surefire.junitplatform.LazyLauncher.execute(LazyLauncher.java:56)
	at org.apache.maven.surefire.junitplatform.JUnitPlatformProvider.execute(JUnitPlatformProvider.java:184)
	at org.apache.maven.surefire.junitplatform.JUnitPlatformProvider.invokeAllTests(JUnitPlatformProvider.java:148)
	at org.apache.maven.surefire.junitplatform.JUnitPlatformProvider.invoke(JUnitPlatformProvider.java:122)
	at org.apache.maven.surefire.booter.ForkedBooter.runSuitesInProcess(ForkedBooter.java:385)
	at org.apache.maven.surefire.booter.ForkedBooter.execute(ForkedBooter.java:162)
	at org.apache.maven.surefire.booter.ForkedBooter.run(ForkedBooter.java:507)
	at org.apache.maven.surefire.booter.ForkedBooter.main(ForkedBooter.java:495)
Caused by: java.io.IOException: Error while instrumenting project/projecte/Model/BillManager with JaCoCo 0.8.11.202310140853/f33756c.
	at org.jacoco.agent.rt.internal_4742761.core.instr.Instrumenter.instrumentError(Instrumenter.java:161)
	at org.jacoco.agent.rt.internal_4742761.core.instr.Instrumenter.instrument(Instrumenter.java:111)
	at org.jacoco.agent.rt.internal_4742761.CoverageTransformer.transform(CoverageTransformer.java:92)
	... 54 more
Caused by: java.lang.IllegalArgumentException: Unsupported class file major version 67
	at org.jacoco.agent.rt.internal_4742761.asm.ClassReader.<init>(ClassReader.java:200)
	at org.jacoco.agent.rt.internal_4742761.asm.ClassReader.<init>(ClassReader.java:180)
	at org.jacoco.agent.rt.internal_4742761.asm.ClassReader.<init>(ClassReader.java:166)
	at org.jacoco.agent.rt.internal_4742761.core.internal.instr.InstrSupport.classReaderFor(InstrSupport.java:280)
	at org.jacoco.agent.rt.internal_4742761.core.instr.Instrumenter.instrument(Instrumenter.java:77)
	at org.jacoco.agent.rt.internal_4742761.core.instr.Instrumenter.instrument(Instrumenter.java:109)
	... 55 more
java.lang.instrument.IllegalClassFormatException: Error while instrumenting project/projecte/Model/Inventory with JaCoCo 0.8.11.202310140853/f33756c.
	at org.jacoco.agent.rt.internal_4742761.CoverageTransformer.transform(CoverageTransformer.java:94)
	at java.instrument/java.lang.instrument.ClassFileTransformer.transform(ClassFileTransformer.java:257)
	at java.instrument/sun.instrument.TransformerManager.transform(TransformerManager.java:188)
	at java.instrument/sun.instrument.InstrumentationImpl.transform(InstrumentationImpl.java:594)
	at java.base/java.lang.ClassLoader.defineClass1(Native Method)
	at java.base/java.lang.ClassLoader.defineClass(ClassLoader.java:962)
	at java.base/java.security.SecureClassLoader.defineClass(SecureClassLoader.java:144)
	at java.base/jdk.internal.loader.BuiltinClassLoader.defineClass(BuiltinClassLoader.java:776)
	at java.base/jdk.internal.loader.BuiltinClassLoader.findClassOnClassPathOrNull(BuiltinClassLoader.java:691)
	at java.base/jdk.internal.loader.BuiltinClassLoader.loadClassOrNull(BuiltinClassLoader.java:620)
	at java.base/jdk.internal.loader.BuiltinClassLoader.loadClass(BuiltinClassLoader.java:578)
	at java.base/java.lang.ClassLoader.loadClass(ClassLoader.java:490)
	at java.base/java.lang.Class.getDeclaredFields0(Native Method)
	at java.base/java.lang.Class.privateGetDeclaredFields(Class.java:2917)
	at java.base/java.lang.Class.getDeclaredFields(Class.java:2247)
	at org.junit.platform.commons.util.ReflectionUtils.getDeclaredFields(ReflectionUtils.java:1546)
	at org.junit.platform.commons.util.ReflectionUtils.findAllFieldsInHierarchy(ReflectionUtils.java:1264)
	at org.junit.platform.commons.util.ReflectionUtils.streamFields(ReflectionUtils.java:1256)
	at org.junit.jupiter.engine.descriptor.ExtensionUtils.registerExtensionsFromFields(ExtensionUtils.java:96)
	at org.junit.jupiter.engine.descriptor.ClassBasedTestDescriptor.prepare(ClassBasedTestDescriptor.java:155)
	at org.junit.jupiter.engine.descriptor.ClassBasedTestDescriptor.prepare(ClassBasedTestDescriptor.java:85)
	at org.junit.platform.engine.support.hierarchical.NodeTestTask.lambda$prepare$2(NodeTestTask.java:123)
	at org.junit.platform.engine.support.hierarchical.ThrowableCollector.execute(ThrowableCollector.java:73)
	at org.junit.platform.engine.support.hierarchical.NodeTestTask.prepare(NodeTestTask.java:123)
	at org.junit.platform.engine.support.hierarchical.NodeTestTask.execute(NodeTestTask.java:90)
	at java.base/java.util.ArrayList.forEach(ArrayList.java:1604)
	at org.junit.platform.engine.support.hierarchical.SameThreadHierarchicalTestExecutorService.invokeAll(SameThreadHierarchicalTestExecutorService.java:41)
	at org.junit.platform.engine.support.hierarchical.NodeTestTask.lambda$executeRecursively$6(NodeTestTask.java:155)
	at org.junit.platform.engine.support.hierarchical.ThrowableCollector.execute(ThrowableCollector.java:73)
	at org.junit.platform.engine.support.hierarchical.NodeTestTask.lambda$executeRecursively$8(NodeTestTask.java:141)
	at org.junit.platform.engine.support.hierarchical.Node.around(Node.java:137)
	at org.junit.platform.engine.support.hierarchical.NodeTestTask.lambda$executeRecursively$9(NodeTestTask.java:139)
	at org.junit.platform.engine.support.hierarchical.ThrowableCollector.execute(ThrowableCollector.java:73)
	at org.junit.platform.engine.support.hierarchical.NodeTestTask.executeRecursively(NodeTestTask.java:138)
	at org.junit.platform.engine.support.hierarchical.NodeTestTask.execute(NodeTestTask.java:95)
	at org.junit.platform.engine.support.hierarchical.SameThreadHierarchicalTestExecutorService.submit(SameThreadHierarchicalTestExecutorService.java:35)
	at org.junit.platform.engine.support.hierarchical.HierarchicalTestExecutor.execute(HierarchicalTestExecutor.java:57)
	at org.junit.platform.engine.support.hierarchical.HierarchicalTestEngine.execute(HierarchicalTestEngine.java:54)
	at org.junit.platform.launcher.core.EngineExecutionOrchestrator.execute(EngineExecutionOrchestrator.java:198)
	at org.junit.platform.launcher.core.EngineExecutionOrchestrator.execute(EngineExecutionOrchestrator.java:169)
	at org.junit.platform.launcher.core.EngineExecutionOrchestrator.execute(EngineExecutionOrchestrator.java:93)
	at org.junit.platform.launcher.core.EngineExecutionOrchestrator.lambda$execute$0(EngineExecutionOrchestrator.java:58)
	at org.junit.platform.launcher.core.EngineExecutionOrchestrator.withInterceptedStreams(EngineExecutionOrchestrator.java:141)
	at org.junit.platform.launcher.core.EngineExecutionOrchestrator.execute(EngineExecutionOrchestrator.java:57)
	at org.junit.platform.launcher.core.DefaultLauncher.execute(DefaultLauncher.java:103)
	at org.junit.platform.launcher.core.DefaultLauncher.execute(DefaultLauncher.java:85)
	at org.junit.platform.launcher.core.DelegatingLauncher.execute(DelegatingLauncher.java:47)
	at org.apache.maven.surefire.junitplatform.LazyLauncher.execute(LazyLauncher.java:56)
	at org.apache.maven.surefire.junitplatform.JUnitPlatformProvider.execute(JUnitPlatformProvider.java:184)
	at org.apache.maven.surefire.junitplatform.JUnitPlatformProvider.invokeAllTests(JUnitPlatformProvider.java:148)
	at org.apache.maven.surefire.junitplatform.JUnitPlatformProvider.invoke(JUnitPlatformProvider.java:122)
	at org.apache.maven.surefire.booter.ForkedBooter.runSuitesInProcess(ForkedBooter.java:385)
	at org.apache.maven.surefire.booter.ForkedBooter.execute(ForkedBooter.java:162)
	at org.apache.maven.surefire.booter.ForkedBooter.run(ForkedBooter.java:507)
	at org.apache.maven.surefire.booter.ForkedBooter.main(ForkedBooter.java:495)
Caused by: java.io.IOException: Error while instrumenting project/projecte/Model/Inventory with JaCoCo 0.8.11.202310140853/f33756c.
	at org.jacoco.agent.rt.internal_4742761.core.instr.Instrumenter.instrumentError(Instrumenter.java:161)
	at org.jacoco.agent.rt.internal_4742761.core.instr.Instrumenter.instrument(Instrumenter.java:111)
	at org.jacoco.agent.rt.internal_4742761.CoverageTransformer.transform(CoverageTransformer.java:92)
	... 54 more
Caused by: java.lang.IllegalArgumentException: Unsupported class file major version 67
	at org.jacoco.agent.rt.internal_4742761.asm.ClassReader.<init>(ClassReader.java:200)
	at org.jacoco.agent.rt.internal_4742761.asm.ClassReader.<init>(ClassReader.java:180)
	at org.jacoco.agent.rt.internal_4742761.asm.ClassReader.<init>(ClassReader.java:166)
	at org.jacoco.agent.rt.internal_4742761.core.internal.instr.InstrSupport.classReaderFor(InstrSupport.java:280)
	at org.jacoco.agent.rt.internal_4742761.core.instr.Instrumenter.instrument(Instrumenter.java:77)
	at org.jacoco.agent.rt.internal_4742761.core.instr.Instrumenter.instrument(Instrumenter.java:109)
	... 55 more
java.lang.instrument.IllegalClassFormatException: Error while instrumenting project/projecte/Model/BillItem with JaCoCo 0.8.11.202310140853/f33756c.
	at org.jacoco.agent.rt.internal_4742761.CoverageTransformer.transform(CoverageTransformer.java:94)
	at java.instrument/java.lang.instrument.ClassFileTransformer.transform(ClassFileTransformer.java:257)
	at java.instrument/sun.instrument.TransformerManager.transform(TransformerManager.java:188)
	at java.instrument/sun.instrument.InstrumentationImpl.transform(InstrumentationImpl.java:594)
	at java.base/java.lang.ClassLoader.defineClass1(Native Method)
	at java.base/java.lang.ClassLoader.defineClass(ClassLoader.java:962)
	at java.base/java.security.SecureClassLoader.defineClass(SecureClassLoader.java:144)
	at java.base/jdk.internal.loader.BuiltinClassLoader.defineClass(BuiltinClassLoader.java:776)
	at java.base/jdk.internal.loader.BuiltinClassLoader.findClassOnClassPathOrNull(BuiltinClassLoader.java:691)
	at java.base/jdk.internal.loader.BuiltinClassLoader.loadClassOrNull(BuiltinClassLoader.java:620)
	at java.base/jdk.internal.loader.BuiltinClassLoader.loadClass(BuiltinClassLoader.java:578)
	at java.base/java.lang.ClassLoader.loadClass(ClassLoader.java:490)
	at java.base/java.lang.Class.getDeclaredMethods0(Native Method)
	at java.base/java.lang.Class.privateGetDeclaredMethods(Class.java:3010)
	at java.base/java.lang.Class.getDeclaredMethod(Class.java:2420)
	at java.base/java.io.ObjectStreamClass.getPrivateMethod(ObjectStreamClass.java:1396)
	at java.base/java.io.ObjectStreamClass.<init>(ObjectStreamClass.java:372)
	at java.base/java.io.ObjectStreamClass$Caches$1.computeValue(ObjectStreamClass.java:93)
	at java.base/java.io.ObjectStreamClass$Caches$1.computeValue(ObjectStreamClass.java:90)
	at java.base/java.io.ClassCache$1.computeValue(ClassCache.java:78)
	at java.base/java.io.ClassCache$1.computeValue(ClassCache.java:75)
	at java.base/java.lang.ClassValue.getFromHashMap(ClassValue.java:227)
	at java.base/java.lang.ClassValue.getFromBackup(ClassValue.java:204)
	at java.base/java.lang.ClassValue.get(ClassValue.java:152)
	at java.base/java.io.ClassCache.get(ClassCache.java:89)
	at java.base/java.io.ObjectStreamClass.lookup(ObjectStreamClass.java:329)
	at java.base/java.io.ObjectStreamClass.initNonProxy(ObjectStreamClass.java:478)
	at java.base/java.io.ObjectInputStream.readNonProxyDesc(ObjectInputStream.java:1927)
	at java.base/java.io.ObjectInputStream.readClassDesc(ObjectInputStream.java:1785)
	at java.base/java.io.ObjectInputStream.readOrdinaryObject(ObjectInputStream.java:2101)
	at java.base/java.io.ObjectInputStream.readObject0(ObjectInputStream.java:1620)
	at java.base/java.io.ObjectInputStream.readObject(ObjectInputStream.java:487)
	at java.base/java.io.ObjectInputStream.readObject(ObjectInputStream.java:445)
	at java.base/java.util.ArrayList.readObject(ArrayList.java:982)
	at java.base/jdk.internal.reflect.DirectMethodHandleAccessor.invoke(DirectMethodHandleAccessor.java:104)
	at java.base/java.lang.reflect.Method.invoke(Method.java:565)
	at java.base/java.io.ObjectStreamClass.invokeReadObject(ObjectStreamClass.java:976)
	at java.base/java.io.ObjectInputStream.readSerialData(ObjectInputStream.java:2302)
	at java.base/java.io.ObjectInputStream.readOrdinaryObject(ObjectInputStream.java:2133)
	at java.base/java.io.ObjectInputStream.readObject0(ObjectInputStream.java:1620)
	at java.base/java.io.ObjectInputStream.readObject(ObjectInputStream.java:487)
	at java.base/java.io.ObjectInputStream.readObject(ObjectInputStream.java:445)
	at project.projecte.Model.BillManager.loadBillsFromFile(BillManager.java:71)
	at project.projecte.Model.BillManager.<init>(BillManager.java:16)
	at project.projecte.Integration.BillCreationIntegrationTest.setUpClass(BillCreationIntegrationTest.java:45)
	at java.base/jdk.internal.reflect.DirectMethodHandleAccessor.invoke(DirectMethodHandleAccessor.java:104)
	at java.base/java.lang.reflect.Method.invoke(Method.java:565)
	at org.junit.platform.commons.util.ReflectionUtils.invokeMethod(ReflectionUtils.java:728)
	at org.junit.jupiter.engine.execution.MethodInvocation.proceed(MethodInvocation.java:60)
	at org.junit.jupiter.engine.execution.InvocationInterceptorChain$ValidatingInvocation.proceed(InvocationInterceptorChain.java:131)
	at org.junit.jupiter.engine.extension.TimeoutExtension.intercept(TimeoutExtension.java:156)
	at org.junit.jupiter.engine.extension.TimeoutExtension.interceptLifecycleMethod(TimeoutExtension.java:128)
	at org.junit.jupiter.engine.extension.TimeoutExtension.interceptBeforeAllMethod(TimeoutExtension.java:70)
	at org.junit.jupiter.engine.execution.InterceptingExecutableInvoker$ReflectiveInterceptorCall.lambda$ofVoidMethod$0(InterceptingExecutableInvoker.java:103)
	at org.junit.jupiter.engine.execution.InterceptingExecutableInvoker.lambda$invoke$0(InterceptingExecutableInvoker.java:93)
	at org.junit.jupiter.engine.execution.InvocationInterceptorChain$InterceptedInvocation.proceed(InvocationInterceptorChain.java:106)
	at org.junit.jupiter.engine.execution.InvocationInterceptorChain.proceed(InvocationInterceptorChain.java:64)
	at org.junit.jupiter.engine.execution.InvocationInterceptorChain.chainAndInvoke(InvocationInterceptorChain.java:45)
	at org.junit.jupiter.engine.execution.InvocationInterceptorChain.invoke(InvocationInterceptorChain.java:37)
	at org.junit.jupiter.engine.execution.InterceptingExecutableInvoker.invoke(InterceptingExecutableInvoker.java:92)
	at org.junit.jupiter.engine.execution.InterceptingExecutableInvoker.invoke(InterceptingExecutableInvoker.java:86)
	at org.junit.jupiter.engine.descriptor.ClassBasedTestDescriptor.lambda$invokeBeforeAllMethods$13(ClassBasedTestDescriptor.java:412)
	at org.junit.platform.engine.support.hierarchical.ThrowableCollector.execute(ThrowableCollector.java:73)
	at org.junit.jupiter.engine.descriptor.ClassBasedTestDescriptor.invokeBeforeAllMethods(ClassBasedTestDescriptor.java:410)
	at org.junit.jupiter.engine.descriptor.ClassBasedTestDescriptor.before(ClassBasedTestDescriptor.java:216)
	at org.junit.jupiter.engine.descriptor.ClassBasedTestDescriptor.before(ClassBasedTestDescriptor.java:85)
	at org.junit.platform.engine.support.hierarchical.NodeTestTask.lambda$executeRecursively$6(NodeTestTask.java:148)
	at org.junit.platform.engine.support.hierarchical.ThrowableCollector.execute(ThrowableCollector.java:73)
	at org.junit.platform.engine.support.hierarchical.NodeTestTask.lambda$executeRecursively$8(NodeTestTask.java:141)
	at org.junit.platform.engine.support.hierarchical.Node.around(Node.java:137)
	at org.junit.platform.engine.support.hierarchical.NodeTestTask.lambda$executeRecursively$9(NodeTestTask.java:139)
	at org.junit.platform.engine.support.hierarchical.ThrowableCollector.execute(ThrowableCollector.java:73)
	at org.junit.platform.engine.support.hierarchical.NodeTestTask.executeRecursively(NodeTestTask.java:138)
	at org.junit.platform.engine.support.hierarchical.NodeTestTask.execute(NodeTestTask.java:95)
	at java.base/java.util.ArrayList.forEach(ArrayList.java:1604)
	at org.junit.platform.engine.support.hierarchical.SameThreadHierarchicalTestExecutorService.invokeAll(SameThreadHierarchicalTestExecutorService.java:41)
	at org.junit.platform.engine.support.hierarchical.NodeTestTask.lambda$executeRecursively$6(NodeTestTask.java:155)
	at org.junit.platform.engine.support.hierarchical.ThrowableCollector.execute(ThrowableCollector.java:73)
	at org.junit.platform.engine.support.hierarchical.NodeTestTask.lambda$executeRecursively$8(NodeTestTask.java:141)
	at org.junit.platform.engine.support.hierarchical.Node.around(Node.java:137)
	at org.junit.platform.engine.support.hierarchical.NodeTestTask.lambda$executeRecursively$9(NodeTestTask.java:139)
	at org.junit.platform.engine.support.hierarchical.ThrowableCollector.execute(ThrowableCollector.java:73)
	at org.junit.platform.engine.support.hierarchical.NodeTestTask.executeRecursively(NodeTestTask.java:138)
	at org.junit.platform.engine.support.hierarchical.NodeTestTask.execute(NodeTestTask.java:95)
	at org.junit.platform.engine.support.hierarchical.SameThreadHierarchicalTestExecutorService.submit(SameThreadHierarchicalTestExecutorService.java:35)
	at org.junit.platform.engine.support.hierarchical.HierarchicalTestExecutor.execute(HierarchicalTestExecutor.java:57)
	at org.junit.platform.engine.support.hierarchical.HierarchicalTestEngine.execute(HierarchicalTestEngine.java:54)
	at org.junit.platform.launcher.core.EngineExecutionOrchestrator.execute(EngineExecutionOrchestrator.java:198)
	at org.junit.platform.launcher.core.EngineExecutionOrchestrator.execute(EngineExecutionOrchestrator.java:169)
	at org.junit.platform.launcher.core.EngineExecutionOrchestrator.execute(EngineExecutionOrchestrator.java:93)
	at org.junit.platform.launcher.core.EngineExecutionOrchestrator.lambda$execute$0(EngineExecutionOrchestrator.java:58)
	at org.junit.platform.launcher.core.EngineExecutionOrchestrator.withInterceptedStreams(EngineExecutionOrchestrator.java:141)
	at org.junit.platform.launcher.core.EngineExecutionOrchestrator.execute(EngineExecutionOrchestrator.java:57)
	at org.junit.platform.launcher.core.DefaultLauncher.execute(DefaultLauncher.java:103)
	at org.junit.platform.launcher.core.DefaultLauncher.execute(DefaultLauncher.java:85)
	at org.junit.platform.launcher.core.DelegatingLauncher.execute(DelegatingLauncher.java:47)
	at org.apache.maven.surefire.junitplatform.LazyLauncher.execute(LazyLauncher.java:56)
	at org.apache.maven.surefire.junitplatform.JUnitPlatformProvider.execute(JUnitPlatformProvider.java:184)
	at org.apache.maven.surefire.junitplatform.JUnitPlatformProvider.invokeAllTests(JUnitPlatformProvider.java:148)
	at org.apache.maven.surefire.junitplatform.JUnitPlatformProvider.invoke(JUnitPlatformProvider.java:122)
	at org.apache.maven.surefire.booter.ForkedBooter.runSuitesInProcess(ForkedBooter.java:385)
	at org.apache.maven.surefire.booter.ForkedBooter.execute(ForkedBooter.java:162)
	at org.apache.maven.surefire.booter.ForkedBooter.run(ForkedBooter.java:507)
	at org.apache.maven.surefire.booter.ForkedBooter.main(ForkedBooter.java:495)
Caused by: java.io.IOException: Error while instrumenting project/projecte/Model/BillItem with JaCoCo 0.8.11.202310140853/f33756c.
	at org.jacoco.agent.rt.internal_4742761.core.instr.Instrumenter.instrumentError(Instrumenter.java:161)
	at org.jacoco.agent.rt.internal_4742761.core.instr.Instrumenter.instrument(Instrumenter.java:111)
	at org.jacoco.agent.rt.internal_4742761.CoverageTransformer.transform(CoverageTransformer.java:92)
	... 103 more
Caused by: java.lang.IllegalArgumentException: Unsupported class file major version 67
	at org.jacoco.agent.rt.internal_4742761.asm.ClassReader.<init>(ClassReader.java:200)
	at org.jacoco.agent.rt.internal_4742761.asm.ClassReader.<init>(ClassReader.java:180)
	at org.jacoco.agent.rt.internal_4742761.asm.ClassReader.<init>(ClassReader.java:166)
	at org.jacoco.agent.rt.internal_4742761.core.internal.instr.InstrSupport.classReaderFor(InstrSupport.java:280)
	at org.jacoco.agent.rt.internal_4742761.core.instr.Instrumenter.instrument(Instrumenter.java:77)
	at org.jacoco.agent.rt.internal_4742761.core.instr.Instrumenter.instrument(Instrumenter.java:109)
	... 104 more
]]></system-err>
  </testcase>
  <testcase name="testIntegration_CreateBillWithMultipleItems" classname="project.projecte.Integration.BillCreationIntegrationTest" time="0.015">
    <system-out><![CDATA[
--- IT-02: Create bill with multiple items ---
✓ Multi-item bill total: $26.0
Test completed. Current bills count: 207
]]></system-out>
  </testcase>
  <testcase name="testIntegration_StockUpdateAfterSale" classname="project.projecte.Integration.BillCreationIntegrationTest" time="0.009">
    <system-out><![CDATA[
--- IT-03: Stock update after sale (conceptual) ---
Initial Apple stock: 100
✓ Stock updated from 100 to 85
Test completed. Current bills count: 208
]]></system-out>
  </testcase>
  <testcase name="testIntegration_FilterBillsByDateRange" classname="project.projecte.Integration.BillCreationIntegrationTest" time="0.022">
    <system-out><![CDATA[
--- IT-04: Filter bills by date range ---
✓ Found 211 bills in date range
Test completed. Current bills count: 211
]]></system-out>
  </testcase>
  <testcase name="testIntegration_CalculateTotalRevenue" classname="project.projecte.Integration.BillCreationIntegrationTest" time="0.029">
    <system-out><![CDATA[
--- IT-05: Calculate total revenue ---
✓ Cashier1 revenue: $119.00
✓ Total revenue: $293.20
Test completed. Current bills count: 214
]]></system-out>
    <system-err><![CDATA[java.lang.instrument.IllegalClassFormatException: Error while instrumenting sun/util/resources/cldr/provider/CLDRLocaleDataMetaInfo with JaCoCo 0.8.11.202310140853/f33756c.
	at org.jacoco.agent.rt.internal_4742761.CoverageTransformer.transform(CoverageTransformer.java:94)
	at java.instrument/java.lang.instrument.ClassFileTransformer.transform(ClassFileTransformer.java:257)
	at java.instrument/sun.instrument.TransformerManager.transform(TransformerManager.java:188)
	at java.instrument/sun.instrument.InstrumentationImpl.transform(InstrumentationImpl.java:594)
	at java.base/java.lang.ClassLoader.defineClass2(Native Method)
	at java.base/java.lang.ClassLoader.defineClass(ClassLoader.java:1052)
	at java.base/java.security.SecureClassLoader.defineClass(SecureClassLoader.java:176)
	at java.base/jdk.internal.loader.BuiltinClassLoader.defineClass(BuiltinClassLoader.java:735)
	at java.base/jdk.internal.loader.BuiltinClassLoader.findClassInModuleOrNull(BuiltinClassLoader.java:678)
	at java.base/jdk.internal.loader.BuiltinClassLoader.findClass(BuiltinClassLoader.java:560)
	at java.base/java.lang.ClassLoader.loadClass(ClassLoader.java:602)
	at java.base/java.lang.Class.forName(Class.java:599)
	at java.base/java.util.ServiceLoader.loadProvider(ServiceLoader.java:755)
	at java.base/java.util.ServiceLoader$ModuleServicesLookupIterator.hasNext(ServiceLoader.java:955)
	at java.base/java.util.ServiceLoader$1.hasNext(ServiceLoader.java:1164)
	at java.base/java.util.ServiceLoader$2.hasNext(ServiceLoader.java:1246)
	at java.base/sun.util.cldr.CLDRLocaleProviderAdapter.<init>(CLDRLocaleProviderAdapter.java:75)
	at java.base/jdk.internal.reflect.DirectConstructorHandleAccessor.newInstance(DirectConstructorHandleAccessor.java:62)
	at java.base/java.lang.reflect.Constructor.newInstanceWithCaller(Constructor.java:499)
	at java.base/java.lang.reflect.Constructor.newInstance(Constructor.java:483)
	at java.base/sun.util.locale.provider.LocaleProviderAdapter.forType(LocaleProviderAdapter.java:181)
	at java.base/sun.util.locale.provider.LocaleProviderAdapter.findAdapter(LocaleProviderAdapter.java:280)
	at java.base/sun.util.locale.provider.LocaleProviderAdapter.getAdapter(LocaleProviderAdapter.java:251)
	at java.base/java.text.DecimalFormatSymbols.getInstance(DecimalFormatSymbols.java:181)
	at java.base/java.util.Formatter.getDecimalFormatSymbols(Formatter.java:2031)
	at java.base/java.util.Formatter.getZero(Formatter.java:2039)
	at java.base/java.util.Formatter$FormatSpecifier.localizedMagnitude(Formatter.java:4678)
	at java.base/java.util.Formatter$FormatSpecifier.print(Formatter.java:3715)
	at java.base/java.util.Formatter$FormatSpecifier.print(Formatter.java:3645)
	at java.base/java.util.Formatter$FormatSpecifier.printFloat(Formatter.java:3209)
	at java.base/java.util.Formatter$FormatSpecifier.print(Formatter.java:3161)
	at java.base/java.util.Formatter.format(Formatter.java:2761)
	at java.base/java.util.Formatter.format(Formatter.java:2698)
	at java.base/java.lang.String.format(String.java:4455)
	at project.projecte.Integration.BillCreationIntegrationTest.testIntegration_CalculateTotalRevenue(BillCreationIntegrationTest.java:249)
	at java.base/jdk.internal.reflect.DirectMethodHandleAccessor.invoke(DirectMethodHandleAccessor.java:104)
	at java.base/java.lang.reflect.Method.invoke(Method.java:565)
	at org.junit.platform.commons.util.ReflectionUtils.invokeMethod(ReflectionUtils.java:728)
	at org.junit.jupiter.engine.execution.MethodInvocation.proceed(MethodInvocation.java:60)
	at org.junit.jupiter.engine.execution.InvocationInterceptorChain$ValidatingInvocation.proceed(InvocationInterceptorChain.java:131)
	at org.junit.jupiter.engine.extension.TimeoutExtension.intercept(TimeoutExtension.java:156)
	at org.junit.jupiter.engine.extension.TimeoutExtension.interceptTestableMethod(TimeoutExtension.java:147)
	at org.junit.jupiter.engine.extension.TimeoutExtension.interceptTestMethod(TimeoutExtension.java:86)
	at org.junit.jupiter.engine.execution.InterceptingExecutableInvoker$ReflectiveInterceptorCall.lambda$ofVoidMethod$0(InterceptingExecutableInvoker.java:103)
	at org.junit.jupiter.engine.execution.InterceptingExecutableInvoker.lambda$invoke$0(InterceptingExecutableInvoker.java:93)
	at org.junit.jupiter.engine.execution.InvocationInterceptorChain$InterceptedInvocation.proceed(InvocationInterceptorChain.java:106)
	at org.junit.jupiter.engine.execution.InvocationInterceptorChain.proceed(InvocationInterceptorChain.java:64)
	at org.junit.jupiter.engine.execution.InvocationInterceptorChain.chainAndInvoke(InvocationInterceptorChain.java:45)
	at org.junit.jupiter.engine.execution.InvocationInterceptorChain.invoke(InvocationInterceptorChain.java:37)
	at org.junit.jupiter.engine.execution.InterceptingExecutableInvoker.invoke(InterceptingExecutableInvoker.java:92)
	at org.junit.jupiter.engine.execution.InterceptingExecutableInvoker.invoke(InterceptingExecutableInvoker.java:86)
	at org.junit.jupiter.engine.descriptor.TestMethodTestDescriptor.lambda$invokeTestMethod$7(TestMethodTestDescriptor.java:218)
	at org.junit.platform.engine.support.hierarchical.ThrowableCollector.execute(ThrowableCollector.java:73)
	at org.junit.jupiter.engine.descriptor.TestMethodTestDescriptor.invokeTestMethod(TestMethodTestDescriptor.java:214)
	at org.junit.jupiter.engine.descriptor.TestMethodTestDescriptor.execute(TestMethodTestDescriptor.java:139)
	at org.junit.jupiter.engine.descriptor.TestMethodTestDescriptor.execute(TestMethodTestDescriptor.java:69)
	at org.junit.platform.engine.support.hierarchical.NodeTestTask.lambda$executeRecursively$6(NodeTestTask.java:151)
	at org.junit.platform.engine.support.hierarchical.ThrowableCollector.execute(ThrowableCollector.java:73)
	at org.junit.platform.engine.support.hierarchical.NodeTestTask.lambda$executeRecursively$8(NodeTestTask.java:141)
	at org.junit.platform.engine.support.hierarchical.Node.around(Node.java:137)
	at org.junit.platform.engine.support.hierarchical.NodeTestTask.lambda$executeRecursively$9(NodeTestTask.java:139)
	at org.junit.platform.engine.support.hierarchical.ThrowableCollector.execute(ThrowableCollector.java:73)
	at org.junit.platform.engine.support.hierarchical.NodeTestTask.executeRecursively(NodeTestTask.java:138)
	at org.junit.platform.engine.support.hierarchical.NodeTestTask.execute(NodeTestTask.java:95)
	at java.base/java.util.ArrayList.forEach(ArrayList.java:1604)
	at org.junit.platform.engine.support.hierarchical.SameThreadHierarchicalTestExecutorService.invokeAll(SameThreadHierarchicalTestExecutorService.java:41)
	at org.junit.platform.engine.support.hierarchical.NodeTestTask.lambda$executeRecursively$6(NodeTestTask.java:155)
	at org.junit.platform.engine.support.hierarchical.ThrowableCollector.execute(ThrowableCollector.java:73)
	at org.junit.platform.engine.support.hierarchical.NodeTestTask.lambda$executeRecursively$8(NodeTestTask.java:141)
	at org.junit.platform.engine.support.hierarchical.Node.around(Node.java:137)
	at org.junit.platform.engine.support.hierarchical.NodeTestTask.lambda$executeRecursively$9(NodeTestTask.java:139)
	at org.junit.platform.engine.support.hierarchical.ThrowableCollector.execute(ThrowableCollector.java:73)
	at org.junit.platform.engine.support.hierarchical.NodeTestTask.executeRecursively(NodeTestTask.java:138)
	at org.junit.platform.engine.support.hierarchical.NodeTestTask.execute(NodeTestTask.java:95)
	at java.base/java.util.ArrayList.forEach(ArrayList.java:1604)
	at org.junit.platform.engine.support.hierarchical.SameThreadHierarchicalTestExecutorService.invokeAll(SameThreadHierarchicalTestExecutorService.java:41)
	at org.junit.platform.engine.support.hierarchical.NodeTestTask.lambda$executeRecursively$6(NodeTestTask.java:155)
	at org.junit.platform.engine.support.hierarchical.ThrowableCollector.execute(ThrowableCollector.java:73)
	at org.junit.platform.engine.support.hierarchical.NodeTestTask.lambda$executeRecursively$8(NodeTestTask.java:141)
	at org.junit.platform.engine.support.hierarchical.Node.around(Node.java:137)
	at org.junit.platform.engine.support.hierarchical.NodeTestTask.lambda$executeRecursively$9(NodeTestTask.java:139)
	at org.junit.platform.engine.support.hierarchical.ThrowableCollector.execute(ThrowableCollector.java:73)
	at org.junit.platform.engine.support.hierarchical.NodeTestTask.executeRecursively(NodeTestTask.java:138)
	at org.junit.platform.engine.support.hierarchical.NodeTestTask.execute(NodeTestTask.java:95)
	at org.junit.platform.engine.support.hierarchical.SameThreadHierarchicalTestExecutorService.submit(SameThreadHierarchicalTestExecutorService.java:35)
	at org.junit.platform.engine.support.hierarchical.HierarchicalTestExecutor.execute(HierarchicalTestExecutor.java:57)
	at org.junit.platform.engine.support.hierarchical.HierarchicalTestEngine.execute(HierarchicalTestEngine.java:54)
	at org.junit.platform.launcher.core.EngineExecutionOrchestrator.execute(EngineExecutionOrchestrator.java:198)
	at org.junit.platform.launcher.core.EngineExecutionOrchestrator.execute(EngineExecutionOrchestrator.java:169)
	at org.junit.platform.launcher.core.EngineExecutionOrchestrator.execute(EngineExecutionOrchestrator.java:93)
	at org.junit.platform.launcher.core.EngineExecutionOrchestrator.lambda$execute$0(EngineExecutionOrchestrator.java:58)
	at org.junit.platform.launcher.core.EngineExecutionOrchestrator.withInterceptedStreams(EngineExecutionOrchestrator.java:141)
	at org.junit.platform.launcher.core.EngineExecutionOrchestrator.execute(EngineExecutionOrchestrator.java:57)
	at org.junit.platform.launcher.core.DefaultLauncher.execute(DefaultLauncher.java:103)
	at org.junit.platform.launcher.core.DefaultLauncher.execute(DefaultLauncher.java:85)
	at org.junit.platform.launcher.core.DelegatingLauncher.execute(DelegatingLauncher.java:47)
	at org.apache.maven.surefire.junitplatform.LazyLauncher.execute(LazyLauncher.java:56)
	at org.apache.maven.surefire.junitplatform.JUnitPlatformProvider.execute(JUnitPlatformProvider.java:184)
	at org.apache.maven.surefire.junitplatform.JUnitPlatformProvider.invokeAllTests(JUnitPlatformProvider.java:148)
	at org.apache.maven.surefire.junitplatform.JUnitPlatformProvider.invoke(JUnitPlatformProvider.java:122)
	at org.apache.maven.surefire.booter.ForkedBooter.runSuitesInProcess(ForkedBooter.java:385)
	at org.apache.maven.surefire.booter.ForkedBooter.execute(ForkedBooter.java:162)
	at org.apache.maven.surefire.booter.ForkedBooter.run(ForkedBooter.java:507)
	at org.apache.maven.surefire.booter.ForkedBooter.main(ForkedBooter.java:495)
Caused by: java.io.IOException: Error while instrumenting sun/util/resources/cldr/provider/CLDRLocaleDataMetaInfo with JaCoCo 0.8.11.202310140853/f33756c.
	at org.jacoco.agent.rt.internal_4742761.core.instr.Instrumenter.instrumentError(Instrumenter.java:161)
	at org.jacoco.agent.rt.internal_4742761.core.instr.Instrumenter.instrument(Instrumenter.java:111)
	at org.jacoco.agent.rt.internal_4742761.CoverageTransformer.transform(CoverageTransformer.java:92)
	... 103 more
Caused by: java.lang.IllegalArgumentException: Unsupported class file major version 69
	at org.jacoco.agent.rt.internal_4742761.asm.ClassReader.<init>(ClassReader.java:200)
	at org.jacoco.agent.rt.internal_4742761.asm.ClassReader.<init>(ClassReader.java:180)
	at org.jacoco.agent.rt.internal_4742761.asm.ClassReader.<init>(ClassReader.java:166)
	at org.jacoco.agent.rt.internal_4742761.core.internal.instr.InstrSupport.classReaderFor(InstrSupport.java:280)
	at org.jacoco.agent.rt.internal_4742761.core.instr.Instrumenter.instrument(Instrumenter.java:77)
	at org.jacoco.agent.rt.internal_4742761.core.instr.Instrumenter.instrument(Instrumenter.java:109)
	... 104 more
]]></system-err>
  </testcase>
  <testcase name="testIntegration_BillWithFreeItems" classname="project.projecte.Integration.BillCreationIntegrationTest" time="0.008">
    <system-out><![CDATA[
--- IT-06: Bill with free items ---
✓ Bill with free items handled correctly
Test completed. Current bills count: 215
]]></system-out>
  </testcase>
  <testcase name="testIntegration_MultipleCashierTracking" classname="project.projecte.Integration.BillCreationIntegrationTest" time="0.021">
    <system-out><![CDATA[
--- IT-07: Multiple cashier tracking ---
✓ Cashier1 bills: 108
✓ Cashier2 bills: 34
Test completed. Current bills count: 218
]]></system-out>
  </testcase>
  <testcase name="testIntegration_CompleteSaleWorkflow" classname="project.projecte.Integration.BillCreationIntegrationTest" time="0.001">
    <failure message="Total should be calculated correctly ==&gt; expected: &lt;11.0&gt; but was: &lt;8.2&gt;" type="org.opentest4j.AssertionFailedError"><![CDATA[org.opentest4j.AssertionFailedError: Total should be calculated correctly ==> expected: <11.0> but was: <8.2>
	at org.junit.jupiter.api.AssertionFailureBuilder.build(AssertionFailureBuilder.java:151)
	at org.junit.jupiter.api.AssertionFailureBuilder.buildAndThrow(AssertionFailureBuilder.java:132)
	at org.junit.jupiter.api.AssertEquals.failNotEqual(AssertEquals.java:197)
	at org.junit.jupiter.api.AssertEquals.assertEquals(AssertEquals.java:86)
	at org.junit.jupiter.api.Assertions.assertEquals(Assertions.java:1024)
	at project.projecte.Integration.BillCreationIntegrationTest.testIntegration_CompleteSaleWorkflow(BillCreationIntegrationTest.java:352)
	at java.base/java.lang.reflect.Method.invoke(Method.java:565)
	at java.base/java.util.ArrayList.forEach(ArrayList.java:1604)
	at java.base/java.util.ArrayList.forEach(ArrayList.java:1604)
]]></failure>
    <system-out><![CDATA[
--- IT-08: Complete sale workflow ---
Step 1: Cashier 'testCashier' logged in
Step 2: Customer selects items
Step 3: Bill #219 created
Step 4: Items added to bill
Test completed. Current bills count: 218
]]></system-out>
  </testcase>
</testsuite>