<?xml version="1.0" encoding="UTF-8"?>
<testsuite xmlns:xsi="http://www.w3.org/2001/XMLSchema-instance" xsi:noNamespaceSchemaLocation="https://maven.apache.org/surefire/maven-surefire-plugin/xsd/surefire-test-report-3.0.xsd" version="3.0" name="project.projecte.Model.BillTest" time="0.017" tests="25" errors="0" skipped="0" failures="0">
  <properties>
[...]
</properties>
  <testcase name="testGetCashierUsername" classname="project.projecte.Model.BillTest" time="0.0"/>
  <testcase name="testGetBillDate" classname="project.projecte.Model.BillTest" time="0.0"/>
  <testcase name="testGetBillItems_ShouldReturnModifiableList" classname="project.projecte.Model.BillTest" time="0.0"/>
  <testcase name="testGetBillItems" classname="project.projecte.Model.BillTest" time="0.001"/>
  <testcase name="testAddItem_ValidItem_ShouldAddToBill" classname="project.projecte.Model.BillTest" time="0.0"/>
  <testcase name="testGetTotalAmount_ZeroPriceItems_ShouldReturnZero" classname="project.projecte.Model.BillTest" time="0.0"/>
  <testcase name="testAddItem_MultipleItems_ShouldAddAll" classname="project.projecte.Model.BillTest" time="0.0"/>
  <testcase name="testConstructor_ShouldSetCurrentDateTime" classname="project.projecte.Model.BillTest" time="0.001"/>
  <testcase name="testAddItem_SameItemMultipleTimes_ShouldAddSeparately" classname="project.projecte.Model.BillTest" time="0.0"/>
  <testcase name="testAddItem_NegativeQuantity_ShouldAddItem" classname="project.projecte.Model.BillTest" time="0.0"/>
  <testcase name="testConstructor_ZeroBillNumber" classname="project.projecte.Model.BillTest" time="0.001"/>
  <testcase name="testGetTotalAmount_EmptyBill_ShouldReturnZero" classname="project.projecte.Model.BillTest" time="0.0"/>
  <testcase name="testGetTotalAmount_NegativePriceItem_ShouldCalculate" classname="project.projecte.Model.BillTest" time="0.0"/>
  <testcase name="testConstructor_NullCashier_ShouldCreateBill" classname="project.projecte.Model.BillTest" time="0.0"/>
  <testcase name="testGetTotalAmount_SingleItem_ShouldCalculateCorrectly" classname="project.projecte.Model.BillTest" time="0.001"/>
  <testcase name="testToString_EmptyBill_ShouldReturnFormattedString" classname="project.projecte.Model.BillTest" time="0.0"/>
  <testcase name="testAddItem_ZeroQuantity_ShouldAddItem" classname="project.projecte.Model.BillTest" time="0.0"/>
  <testcase name="testToString_WithItems_ShouldIncludeItemDetails" classname="project.projecte.Model.BillTest" time="0.0"/>
  <testcase name="testConstructor_ValidParameters_ShouldCreateBill" classname="project.projecte.Model.BillTest" time="0.0"/>
  <testcase name="testConstructor_NegativeBillNumber" classname="project.projecte.Model.BillTest" time="0.0"/>
  <testcase name="testGetTotalAmount_DecimalPrices_ShouldCalculatePrecisely" classname="project.projecte.Model.BillTest" time="0.0"/>
  <testcase name="testGetTotalAmount_MultipleItems_ShouldSumCorrectly" classname="project.projecte.Model.BillTest" time="0.0"/>
  <testcase name="testGetBillNumber" classname="project.projecte.Model.BillTest" time="0.001"/>
  <testcase name="testGetTotalAmount_LargeQuantities_ShouldCalculate" classname="project.projecte.Model.BillTest" time="0.001"/>
  <testcase name="testAddItem_NullItem_ShouldThrowException" classname="project.projecte.Model.BillTest" time="0.0"/>
</testsuite>